This is pdfTeX, Version 3.14159265-2.6-1.40.20 (MiKTeX 2.9.7200 64-bit) (preloaded format=pdflatex 2019.11.10)  15 DEC 2019 20:29
entering extended mode
**./SPM.tex
(SPM.tex
LaTeX2e <2018-12-01>
("C:\Users\alist\AppData\Local\Programs\MiKTeX 2.9\tex/latex/base\article.cls"
Document Class: article 2018/09/03 v1.4i Standard LaTeX document class
("C:\Users\alist\AppData\Local\Programs\MiKTeX 2.9\tex/latex/base\size11.clo"
File: size11.clo 2018/09/03 v1.4i Standard LaTeX file (size option)
)
\c@part=\count80
\c@section=\count81
\c@subsection=\count82
\c@subsubsection=\count83
\c@paragraph=\count84
\c@subparagraph=\count85
\c@figure=\count86
\c@table=\count87
\abovecaptionskip=\skip41
\belowcaptionskip=\skip42
\bibindent=\dimen102
)
("C:\Users\alist\AppData\Local\Programs\MiKTeX 2.9\tex/latex/caption\caption.st
y"
Package: caption 2019/09/01 v3.3d Customizing captions (AR)

("C:\Users\alist\AppData\Local\Programs\MiKTeX 2.9\tex/latex/caption\caption3.s
ty"
Package: caption3 2019/09/01 v1.8d caption3 kernel (AR)
Package caption3 Info: TeX engine: e-TeX on input line 64.

("C:\Users\alist\AppData\Local\Programs\MiKTeX 2.9\tex/latex/graphics\keyval.st
y"
Package: keyval 2014/10/28 v1.15 key=value parser (DPC)
\KV@toks@=\toks14
)
\captionmargin=\dimen103
\captionmargin@=\dimen104
\captionwidth=\dimen105
\caption@tempdima=\dimen106
\caption@indent=\dimen107
\caption@parindent=\dimen108
\caption@hangindent=\dimen109
)
\c@caption@flags=\count88
\c@ContinuedFloat=\count89
)
("C:\Users\alist\AppData\Local\Programs\MiKTeX 2.9\tex/latex/base\ifthen.sty"
Package: ifthen 2014/09/29 v1.1c Standard LaTeX ifthen package (DPC)
)
("C:\Users\alist\AppData\Local\Programs\MiKTeX 2.9\tex/latex/float\float.sty"
Package: float 2001/11/08 v1.3d Float enhancements (AL)
\c@float@type=\count90
\float@exts=\toks15
\float@box=\box27
\@float@everytoks=\toks16
\@floatcapt=\box28
)
("C:\Users\alist\AppData\Local\Programs\MiKTeX 2.9\tex/latex/setspace\setspace.
sty"
Package: setspace 2011/12/19 v6.7a set line spacing
) ("C:\Users\alist\AppData\Local\Programs\MiKTeX 2.9\tex/latex/cmap\cmap.sty"
Package: cmap 2008/03/06 v1.0h CMap support: searchable PDF
)
("C:\Users\alist\AppData\Local\Programs\MiKTeX 2.9\tex/latex/tabulary\tabulary.
sty"
Package: tabulary 2014/06/11 v0.10 tabulary package (DPC)

("C:\Users\alist\AppData\Local\Programs\MiKTeX 2.9\tex/latex/tools\array.sty"
Package: array 2018/12/30 v2.4k Tabular extension package (FMi)
\col@sep=\dimen110
\ar@mcellbox=\box29
\extrarowheight=\dimen111
\NC@list=\toks17
\extratabsurround=\skip43
\backup@length=\skip44
\ar@cellbox=\box30
)
\TY@count=\count91
\TY@linewidth=\dimen112
\tymin=\dimen113
\tymax=\dimen114
\TY@tablewidth=\dimen115
)
("C:\Users\alist\AppData\Local\Programs\MiKTeX 2.9\tex/latex/comment\comment.st
y"
\CommentStream=\write3
 Excluding comment 'comment')
("C:\Users\alist\AppData\Local\Programs\MiKTeX 2.9\tex/latex/hyperref\hyperref.
sty"
Package: hyperref 2019/09/12 v6.88i Hypertext links for LaTeX

("C:\Users\alist\AppData\Local\Programs\MiKTeX 2.9\tex/generic/oberdiek\hobsub-
hyperref.sty"
Package: hobsub-hyperref 2016/05/16 v1.14 Bundle oberdiek, subset hyperref (HO)


("C:\Users\alist\AppData\Local\Programs\MiKTeX 2.9\tex/generic/oberdiek\hobsub-
generic.sty"
Package: hobsub-generic 2016/05/16 v1.14 Bundle oberdiek, subset generic (HO)
Package: hobsub 2016/05/16 v1.14 Construct package bundles (HO)
Package: infwarerr 2016/05/16 v1.4 Providing info/warning/error messages (HO)
Package: ltxcmds 2016/05/16 v1.23 LaTeX kernel commands for general use (HO)
Package: ifluatex 2016/05/16 v1.4 Provides the ifluatex switch (HO)
Package ifluatex Info: LuaTeX not detected.
Package: ifvtex 2016/05/16 v1.6 Detect VTeX and its facilities (HO)
Package ifvtex Info: VTeX not detected.
Package: intcalc 2016/05/16 v1.2 Expandable calculations with integers (HO)
Package: ifpdf 2018/09/07 v3.3 Provides the ifpdf switch
Package: etexcmds 2016/05/16 v1.6 Avoid name clashes with e-TeX commands (HO)
Package: kvsetkeys 2016/05/16 v1.17 Key value parser (HO)
Package: kvdefinekeys 2016/05/16 v1.4 Define keys (HO)
Package: pdftexcmds 2019/07/25 v0.30 Utility functions of pdfTeX for LuaTeX (HO
)
Package pdftexcmds Info: LuaTeX not detected.
Package pdftexcmds Info: \pdf@primitive is available.
Package pdftexcmds Info: \pdf@ifprimitive is available.
Package pdftexcmds Info: \pdfdraftmode found.
Package: pdfescape 2016/05/16 v1.14 Implements pdfTeX's escape features (HO)
Package: bigintcalc 2016/05/16 v1.4 Expandable calculations on big integers (HO
)
Package: bitset 2016/05/16 v1.2 Handle bit-vector datatype (HO)
Package: uniquecounter 2016/05/16 v1.3 Provide unlimited unique counter (HO)
)
Package hobsub Info: Skipping package `hobsub' (already loaded).
Package: letltxmacro 2016/05/16 v1.5 Let assignment for LaTeX macros (HO)
Package: hopatch 2016/05/16 v1.3 Wrapper for package hooks (HO)
Package: xcolor-patch 2016/05/16 xcolor patch
Package: atveryend 2016/05/16 v1.9 Hooks at the very end of document (HO)
Package atveryend Info: \enddocument detected (standard20110627).
Package: atbegshi 2016/06/09 v1.18 At begin shipout hook (HO)
Package: refcount 2016/05/16 v3.5 Data extraction from label references (HO)
Package: hycolor 2016/05/16 v1.8 Color options for hyperref/bookmark (HO)
)
("C:\Users\alist\AppData\Local\Programs\MiKTeX 2.9\tex/generic/ifxetex\ifxetex.
sty"
Package: ifxetex 2010/09/12 v0.6 Provides ifxetex conditional
)
("C:\Users\alist\AppData\Local\Programs\MiKTeX 2.9\tex/latex/oberdiek\auxhook.s
ty"
Package: auxhook 2016/05/16 v1.4 Hooks for auxiliary files (HO)
)
("C:\Users\alist\AppData\Local\Programs\MiKTeX 2.9\tex/latex/oberdiek\kvoptions
.sty"
Package: kvoptions 2016/05/16 v3.12 Key value format for package options (HO)
)
\@linkdim=\dimen116
\Hy@linkcounter=\count92
\Hy@pagecounter=\count93

("C:\Users\alist\AppData\Local\Programs\MiKTeX 2.9\tex/latex/hyperref\pd1enc.de
f"
File: pd1enc.def 2019/09/12 v6.88i Hyperref: PDFDocEncoding definition (HO)
Now handling font encoding PD1 ...
... no UTF-8 mapping file for font encoding PD1
)
\Hy@SavedSpaceFactor=\count94

("C:\Users\alist\AppData\Local\Programs\MiKTeX 2.9\tex/latex/00miktex\hyperref.
cfg"
File: hyperref.cfg 2002/06/06 v1.2 hyperref configuration of TeXLive
)
Package hyperref Info: Option `bookmarks' set `true' on input line 4424.
Package hyperref Info: Option `bookmarksopen' set `false' on input line 4424.
Package hyperref Info: Option `bookmarksnumbered' set `true' on input line 4424
.
Package hyperref Info: Hyper figures OFF on input line 4550.
Package hyperref Info: Link nesting OFF on input line 4555.
Package hyperref Info: Hyper index ON on input line 4558.
Package hyperref Info: Plain pages OFF on input line 4565.
Package hyperref Info: Backreferencing OFF on input line 4570.
Package hyperref Info: Implicit mode ON; LaTeX internals redefined.
Package hyperref Info: Bookmarks ON on input line 4803.
\c@Hy@tempcnt=\count95
 ("C:\Users\alist\AppData\Local\Programs\MiKTeX 2.9\tex/latex/url\url.sty"
\Urlmuskip=\muskip10
Package: url 2013/09/16  ver 3.4  Verb mode for urls, etc.
)
LaTeX Info: Redefining \url on input line 5156.
\XeTeXLinkMargin=\dimen117
\Fld@menulength=\count96
\Field@Width=\dimen118
\Fld@charsize=\dimen119
Package hyperref Info: Hyper figures OFF on input line 6411.
Package hyperref Info: Link nesting OFF on input line 6416.
Package hyperref Info: Hyper index ON on input line 6419.
Package hyperref Info: backreferencing OFF on input line 6426.
Package hyperref Info: Link coloring OFF on input line 6431.
Package hyperref Info: Link coloring with OCG OFF on input line 6436.
Package hyperref Info: PDF/A mode OFF on input line 6441.
LaTeX Info: Redefining \ref on input line 6481.
LaTeX Info: Redefining \pageref on input line 6485.
\Hy@abspage=\count97
\c@Item=\count98
\c@Hfootnote=\count99
)
Package hyperref Info: Driver: hpdftex.

("C:\Users\alist\AppData\Local\Programs\MiKTeX 2.9\tex/latex/hyperref\hpdftex.d
ef"
File: hpdftex.def 2019/09/12 v6.88i Hyperref driver for pdfTeX
\Fld@listcount=\count100
\c@bookmark@seq@number=\count101

("C:\Users\alist\AppData\Local\Programs\MiKTeX 2.9\tex/latex/oberdiek\rerunfile
check.sty"
Package: rerunfilecheck 2016/05/16 v1.8 Rerun checks for auxiliary files (HO)
Package uniquecounter Info: New unique counter `rerunfilecheck' on input line 2
82.
)
\Hy@SectionHShift=\skip45
)
Package hyperref Info: Option `breaklinks' set `true' on input line 29.
Package hyperref Info: Option `colorlinks' set `true' on input line 29.

("C:\Users\alist\AppData\Local\Programs\MiKTeX 2.9\tex/latex/amsmath\amsmath.st
y"
Package: amsmath 2018/12/01 v2.17b AMS math features
\@mathmargin=\skip46

For additional information on amsmath, use the `?' option.

("C:\Users\alist\AppData\Local\Programs\MiKTeX 2.9\tex/latex/amsmath\amstext.st
y"
Package: amstext 2000/06/29 v2.01 AMS text

("C:\Users\alist\AppData\Local\Programs\MiKTeX 2.9\tex/latex/amsmath\amsgen.sty
"
File: amsgen.sty 1999/11/30 v2.0 generic functions
\@emptytoks=\toks18
\ex@=\dimen120
))
("C:\Users\alist\AppData\Local\Programs\MiKTeX 2.9\tex/latex/amsmath\amsbsy.sty
"
Package: amsbsy 1999/11/29 v1.2d Bold Symbols
\pmbraise@=\dimen121
)
("C:\Users\alist\AppData\Local\Programs\MiKTeX 2.9\tex/latex/amsmath\amsopn.sty
"
Package: amsopn 2016/03/08 v2.02 operator names
)
\inf@bad=\count102
LaTeX Info: Redefining \frac on input line 223.
\uproot@=\count103
\leftroot@=\count104
LaTeX Info: Redefining \overline on input line 385.
\classnum@=\count105
\DOTSCASE@=\count106
LaTeX Info: Redefining \ldots on input line 482.
LaTeX Info: Redefining \dots on input line 485.
LaTeX Info: Redefining \cdots on input line 606.
\Mathstrutbox@=\box31
\strutbox@=\box32
\big@size=\dimen122
LaTeX Font Info:    Redeclaring font encoding OML on input line 729.
LaTeX Font Info:    Redeclaring font encoding OMS on input line 730.
\macc@depth=\count107
\c@MaxMatrixCols=\count108
\dotsspace@=\muskip11
\c@parentequation=\count109
\dspbrk@lvl=\count110
\tag@help=\toks19
\row@=\count111
\column@=\count112
\maxfields@=\count113
\andhelp@=\toks20
\eqnshift@=\dimen123
\alignsep@=\dimen124
\tagshift@=\dimen125
\tagwidth@=\dimen126
\totwidth@=\dimen127
\lineht@=\dimen128
\@envbody=\toks21
\multlinegap=\skip47
\multlinetaggap=\skip48
\mathdisplay@stack=\toks22
LaTeX Info: Redefining \[ on input line 2844.
LaTeX Info: Redefining \] on input line 2845.
)
("C:\Users\alist\AppData\Local\Programs\MiKTeX 2.9\tex/latex/listings\listings.
sty"
\lst@mode=\count114
\lst@gtempboxa=\box33
\lst@token=\toks23
\lst@length=\count115
\lst@currlwidth=\dimen129
\lst@column=\count116
\lst@pos=\count117
\lst@lostspace=\dimen130
\lst@width=\dimen131
\lst@newlines=\count118
\lst@lineno=\count119
\lst@maxwidth=\dimen132

("C:\Users\alist\AppData\Local\Programs\MiKTeX 2.9\tex/latex/listings\lstmisc.s
ty"
File: lstmisc.sty 2019/09/10 1.8c (Carsten Heinz)
\c@lstnumber=\count120
\lst@skipnumbers=\count121
\lst@framebox=\box34
)
("C:\Users\alist\AppData\Local\Programs\MiKTeX 2.9\tex/latex/listings\listings.
cfg"
File: listings.cfg 2019/09/10 1.8c listings configuration
))
Package: listings 2019/09/10 1.8c (Carsten Heinz)

("C:\Users\alist\AppData\Local\Programs\MiKTeX 2.9\tex/latex/graphics\color.sty
"
Package: color 2016/07/10 v1.1e Standard LaTeX Color (DPC)

("C:\Users\alist\AppData\Local\Programs\MiKTeX 2.9\tex/latex/graphics-cfg\color
.cfg"
File: color.cfg 2016/01/02 v1.6 sample color configuration
)
Package color Info: Driver file: pdftex.def on input line 147.

("C:\Users\alist\AppData\Local\Programs\MiKTeX 2.9\tex/latex/graphics-def\pdfte
x.def"
File: pdftex.def 2018/01/08 v1.0l Graphics/color driver for pdftex
))
("C:\Users\alist\AppData\Local\Programs\MiKTeX 2.9\tex/latex/geometry\geometry.
sty"
Package: geometry 2018/04/16 v5.8 Page Geometry
\Gm@cnth=\count122
\Gm@cntv=\count123
\c@Gm@tempcnt=\count124
\Gm@bindingoffset=\dimen133
\Gm@wd@mp=\dimen134
\Gm@odd@mp=\dimen135
\Gm@even@mp=\dimen136
\Gm@layoutwidth=\dimen137
\Gm@layoutheight=\dimen138
\Gm@layouthoffset=\dimen139
\Gm@layoutvoffset=\dimen140
\Gm@dimlist=\toks24

("C:\Users\alist\AppData\Local\Programs\MiKTeX 2.9\tex/latex/geometry\geometry.
cfg"))
("C:\Users\alist\AppData\Local\Programs\MiKTeX 2.9\tex/latex/natbib\natbib.sty"
Package: natbib 2010/09/13 8.31b (PWD, AO)
\bibhang=\skip49
\bibsep=\skip50
LaTeX Info: Redefining \cite on input line 694.
\c@NAT@ctr=\count125
) ("C:\Users\alist\AppData\Local\Programs\MiKTeX 2.9\tex/latex/base\makeidx.sty
"
Package: makeidx 2014/09/29 v1.0m Standard LaTeX package
)
\@indexfile=\write4
\openout4 = `SPM.idx'.


Writing index file SPM.idx

("C:\Users\alist\AppData\Local\Programs\MiKTeX 2.9\tex/latex/graphics\graphicx.
sty"
Package: graphicx 2017/06/01 v1.1a Enhanced LaTeX Graphics (DPC,SPQR)

("C:\Users\alist\AppData\Local\Programs\MiKTeX 2.9\tex/latex/graphics\graphics.
sty"
Package: graphics 2017/06/25 v1.2c Standard LaTeX Graphics (DPC,SPQR)

("C:\Users\alist\AppData\Local\Programs\MiKTeX 2.9\tex/latex/graphics\trig.sty"
Package: trig 2016/01/03 v1.10 sin cos tan (DPC)
)
("C:\Users\alist\AppData\Local\Programs\MiKTeX 2.9\tex/latex/graphics-cfg\graph
ics.cfg"
File: graphics.cfg 2016/06/04 v1.11 sample graphics configuration
)
Package graphics Info: Driver file: pdftex.def on input line 99.
)
\Gin@req@height=\dimen141
\Gin@req@width=\dimen142
)
("C:\Users\alist\AppData\Local\Programs\MiKTeX 2.9\tex/latex/pslatex\pslatex.st
y"
Package: pslatex 1996/07/24 v1.2 pslatex emulation (DPC)
LaTeX Font Info:    Redeclaring symbol font `operators' on input line 65.
LaTeX Font Info:    Overwriting symbol font `operators' in version `normal'
(Font)                  OT1/cmr/m/n --> OT1/ptmcm/m/n on input line 65.
LaTeX Font Info:    Overwriting symbol font `operators' in version `bold'
(Font)                  OT1/cmr/bx/n --> OT1/ptmcm/m/n on input line 65.
LaTeX Font Info:    Redeclaring symbol font `letters' on input line 66.
LaTeX Font Info:    Overwriting symbol font `letters' in version `normal'
(Font)                  OML/cmm/m/it --> OML/ptmcm/m/it on input line 66.
LaTeX Font Info:    Overwriting symbol font `letters' in version `bold'
(Font)                  OML/cmm/b/it --> OML/ptmcm/m/it on input line 66.
LaTeX Font Info:    Redeclaring symbol font `symbols' on input line 67.
LaTeX Font Info:    Overwriting symbol font `symbols' in version `normal'
(Font)                  OMS/cmsy/m/n --> OMS/pzccm/m/n on input line 67.
LaTeX Font Info:    Overwriting symbol font `symbols' in version `bold'
(Font)                  OMS/cmsy/b/n --> OMS/pzccm/m/n on input line 67.
LaTeX Font Info:    Redeclaring symbol font `largesymbols' on input line 68.
LaTeX Font Info:    Overwriting symbol font `largesymbols' in version `normal'
(Font)                  OMX/cmex/m/n --> OMX/psycm/m/n on input line 68.
LaTeX Font Info:    Overwriting symbol font `largesymbols' in version `bold'
(Font)                  OMX/cmex/m/n --> OMX/psycm/m/n on input line 68.
\symbold=\mathgroup4
\symitalic=\mathgroup5
LaTeX Font Info:    Redeclaring math alphabet \mathbf on input line 74.
LaTeX Font Info:    Overwriting math alphabet `\mathbf' in version `normal'
(Font)                  OT1/cmr/bx/n --> OT1/ptm/bx/n on input line 74.
LaTeX Font Info:    Overwriting math alphabet `\mathbf' in version `bold'
(Font)                  OT1/cmr/bx/n --> OT1/ptm/bx/n on input line 74.
LaTeX Font Info:    Redeclaring math alphabet \mathit on input line 75.
LaTeX Font Info:    Overwriting math alphabet `\mathit' in version `normal'
(Font)                  OT1/cmr/m/it --> OT1/ptm/m/it on input line 75.
LaTeX Font Info:    Overwriting math alphabet `\mathit' in version `bold'
(Font)                  OT1/cmr/bx/it --> OT1/ptm/m/it on input line 75.
<<ot1.cmap>>)
("C:\Users\alist\AppData\Local\Programs\MiKTeX 2.9\tex/latex/sectsty\sectsty.st
y"
Package: sectsty 2002/02/25 v2.0.2 Commands to change all sectional heading sty
les
)
("C:\Users\alist\AppData\Local\Programs\MiKTeX 2.9\tex/latex/fancyhdr\fancyhdr.
sty"
Package: fancyhdr 2019/01/31 v3.10 Extensive control of page headers and footer
s
\f@nch@headwidth=\skip51
\f@nch@O@elh=\skip52
\f@nch@O@erh=\skip53
\f@nch@O@olh=\skip54
\f@nch@O@orh=\skip55
\f@nch@O@elf=\skip56
\f@nch@O@erf=\skip57
\f@nch@O@olf=\skip58
\f@nch@O@orf=\skip59
) (tweaklist.sty) (version.tex)
("C:\Users\alist\AppData\Local\Programs\MiKTeX 2.9\tex/latex/totpages\totpages.
sty"
Package: totpages 2005/09/19 v2.00 Totpages Package (muewi)

("C:\Users\alist\AppData\Local\Programs\MiKTeX 2.9\tex/latex/ms\everyshi.sty"
Package: everyshi 2001/05/15 v3.00 EveryShipout Package (MS)
)) (SPM.aux (Introduction.aux) (Overview.aux) (RunningSPM.aux) (Population.aux)

(Estimation.aux) (Observation.aux) (Report.aux) (Examples.aux)
(PostProcessing.aux) (ChangesEnhancements.aux) (Troubleshooting.aux)
(Acknowledgments.aux) (QuickReference.aux) (References.aux) (License.aux))
\openout1 = `SPM.aux'.

LaTeX Font Info:    Checking defaults for OML/cmm/m/it on input line 193.
LaTeX Font Info:    ... okay on input line 193.
LaTeX Font Info:    Checking defaults for T1/cmr/m/n on input line 193.
LaTeX Font Info:    ... okay on input line 193.
LaTeX Font Info:    Checking defaults for OT1/cmr/m/n on input line 193.
LaTeX Font Info:    ... okay on input line 193.
LaTeX Font Info:    Checking defaults for OMS/pzccm/m/n on input line 193.
LaTeX Font Info:    Try loading font information for OMS+pzccm on input line 19
3.

("C:\Users\alist\AppData\Local\Programs\MiKTeX 2.9\tex/latex/psnfss\omspzccm.fd
"
File: omspzccm.fd 2000/01/03 Fontinst v1.801 font definitions for OMS/pzccm.
)
LaTeX Font Info:    ... okay on input line 193.
LaTeX Font Info:    Checking defaults for OMX/cmex/m/n on input line 193.
LaTeX Font Info:    ... okay on input line 193.
LaTeX Font Info:    Checking defaults for U/cmr/m/n on input line 193.
LaTeX Font Info:    ... okay on input line 193.
LaTeX Font Info:    Checking defaults for PD1/pdf/m/n on input line 193.
LaTeX Font Info:    ... okay on input line 193.
Package caption Info: Begin \AtBeginDocument code.
Package caption Info: float package is loaded.
Package caption Info: hyperref package is loaded.
Package caption Info: listings package is loaded.
Package caption Info: End \AtBeginDocument code.
\AtBeginShipoutBox=\box35
Package hyperref Info: Link coloring ON on input line 193.

("C:\Users\alist\AppData\Local\Programs\MiKTeX 2.9\tex/latex/hyperref\nameref.s
ty"
Package: nameref 2019/09/12 v2.45 Cross-referencing by name of section

("C:\Users\alist\AppData\Local\Programs\MiKTeX 2.9\tex/generic/oberdiek\gettitl
estring.sty"
Package: gettitlestring 2016/05/16 v1.5 Cleanup title references (HO)
)
\c@section@level=\count126
)
LaTeX Info: Redefining \ref on input line 193.
LaTeX Info: Redefining \pageref on input line 193.
LaTeX Info: Redefining \nameref on input line 193.
 (SPM.out) (SPM.out)
\@outlinefile=\write5
\openout5 = `SPM.out'.

\c@lstlisting=\count127

("C:\Users\alist\AppData\Local\Programs\MiKTeX 2.9\tex/context/base/mkii\supp-p
df.mkii"
[Loading MPS to PDF converter (version 2006.09.02).]
\scratchcounter=\count128
\scratchdimen=\dimen143
\scratchbox=\box36
\nofMPsegments=\count129
\nofMParguments=\count130
\everyMPshowfont=\toks25
\MPscratchCnt=\count131
\MPscratchDim=\dimen144
\MPnumerator=\count132
\makeMPintoPDFobject=\count133
\everyMPtoPDFconversion=\toks26
)
("C:\Users\alist\AppData\Local\Programs\MiKTeX 2.9\tex/latex/oberdiek\epstopdf-
base.sty"
Package: epstopdf-base 2016/05/15 v2.6 Base part for package epstopdf

("C:\Users\alist\AppData\Local\Programs\MiKTeX 2.9\tex/latex/oberdiek\grfext.st
y"
Package: grfext 2016/05/16 v1.2 Manage graphics extensions (HO)
)
Package epstopdf-base Info: Redefining graphics rule for `.eps' on input line 4
38.
Package grfext Info: Graphics extension search list:
(grfext)             [.pdf,.png,.jpg,.mps,.jpeg,.jbig2,.jb2,.PDF,.PNG,.JPG,.JPE
G,.JBIG2,.JB2,.eps]
(grfext)             \AppendGraphicsExtensions on input line 456.
)
*geometry* detected driver: pdftex
*geometry* verbose mode - [ preamble ] result:
* driver: pdftex
* paper: a4paper
* layout: <same size as paper>
* layoutoffset:(h,v)=(0.0pt,0.0pt)
* modes: twoside 
* h-part:(L,W,R)=(72.2698pt, 435.0429pt, 90.19518pt)
* v-part:(T,H,B)=(72.2698pt, 682.58186pt, 90.19518pt)
* \paperwidth=597.50787pt
* \paperheight=845.04684pt
* \textwidth=435.0429pt
* \textheight=682.58186pt
* \oddsidemargin=-0.00018pt
* \evensidemargin=17.92519pt
* \topmargin=-37.00018pt
* \headheight=15.0pt
* \headsep=25.0pt
* \topskip=11.0pt
* \footskip=30.0pt
* \marginparwidth=103.0pt
* \marginparsep=10.0pt
* \columnsep=10.0pt
* \skip\footins=10.0pt plus 4.0pt minus 2.0pt
* \hoffset=0.0pt
* \voffset=0.0pt
* \mag=1000
* \@twocolumnfalse
* \@twosidetrue
* \@mparswitchtrue
* \@reversemarginfalse
* (1in=72.27pt=25.4mm, 1cm=28.453pt)

ABD: EveryShipout initializing macros
<Figures/SPM.png, id=1132, 203.5605pt x 203.5605pt>
File: Figures/SPM.png Graphic file (type png)
<use Figures/SPM.png>
Package pdftex.def Info: Figures/SPM.png  used on input line 214.
(pdftex.def)             Requested size: 199.18042pt x 199.18042pt.
<<ot1tt.cmap>> (SPMversion.tex) [1.1

{C:/Users/alist/AppData/Local/MiKTeX/2.9/pdftex/config/pdftex.map} <./Figures/S
PM.png (PNG copy)>] [2.2

]
LaTeX Font Info:    Font shape `OMS/ptm/m/n' in size <10.95> not available
(Font)              Font shape `OMS/pzccm/m/n' tried instead on input line 249.

<<oms.cmap>>
LaTeX Font Info:    Try loading font information for OT1+ptmcm on input line 25
8.

("C:\Users\alist\AppData\Local\Programs\MiKTeX 2.9\tex/latex/psnfss\ot1ptmcm.fd
"
File: ot1ptmcm.fd 2000/01/03 Fontinst v1.801 font definitions for OT1/ptmcm.
)
LaTeX Font Info:    Try loading font information for OML+ptmcm on input line 25
8.

("C:\Users\alist\AppData\Local\Programs\MiKTeX 2.9\tex/latex/psnfss\omlptmcm.fd
"
File: omlptmcm.fd 2000/01/03 Fontinst v1.801 font definitions for OML/ptmcm.
)<<oml.cmap>>
LaTeX Font Info:    Try loading font information for OMX+psycm on input line 25
8.

("C:\Users\alist\AppData\Local\Programs\MiKTeX 2.9\tex/latex/psnfss\omxpsycm.fd
"
File: omxpsycm.fd 2000/01/03 Fontinst v1.801 font definitions for OMX/psycm.
)<<omx.cmap>>
LaTeX Font Info:    Font shape `OT1/ptm/bx/n' in size <10.95> not available
(Font)              Font shape `OT1/ptm/b/n' tried instead on input line 258.
LaTeX Font Info:    Font shape `OT1/ptm/bx/n' in size <8> not available
(Font)              Font shape `OT1/ptm/b/n' tried instead on input line 258.
LaTeX Font Info:    Font shape `OT1/ptm/bx/n' in size <6> not available
(Font)              Font shape `OT1/ptm/b/n' tried instead on input line 258.
 (SPMversion.tex)
<Figures/QR_code.png, id=1150, 166.6225pt x 166.6225pt>
File: Figures/QR_code.png Graphic file (type png)
<use Figures/QR_code.png>
Package pdftex.def Info: Figures/QR_code.png  used on input line 258.
(pdftex.def)             Requested size: 51.21513pt x 51.21513pt.
 (SPMversion.tex)
File: Figures/QR_code.png Graphic file (type png)
<use Figures/QR_code.png>
Package pdftex.def Info: Figures/QR_code.png  used on input line 258.
(pdftex.def)             Requested size: 51.21513pt x 51.21513pt.

Overfull \hbox (7.92188pt too wide) in paragraph at lines 258--258
 []$[]$| 
 []

[1.3 <./Figures/QR_code.png>] [2.4


]
LaTeX Font Info:    Font shape `OT1/ptm/bx/n' in size <14.4> not available
(Font)              Font shape `OT1/ptm/b/n' tried instead on input line 265.
LaTeX Font Info:    Font shape `OT1/phv/bx/n' in size <14.4> not available
(Font)              Font shape `OT1/phv/b/n' tried instead on input line 265.
LaTeX Font Info:    Font shape `OT1/phv/b/n' will be
(Font)              scaled to size 12.9599pt on input line 265.
LaTeX Font Info:    Font shape `OT1/phv/bx/n' in size <12> not available
(Font)              Font shape `OT1/phv/b/n' tried instead on input line 265.
LaTeX Font Info:    Font shape `OT1/phv/b/n' will be
(Font)              scaled to size 10.79993pt on input line 265.
 (SPM.toc
LaTeX Font Info:    Font shape `OT1/pcr/bx/n' in size <10.95> not available
(Font)              Font shape `OT1/pcr/b/n' tried instead on input line 15.
 [3.5] [4.6] [5.7] [6.8] [7.9]
[8.10] [9.11])
\tf@toc=\write6
\openout6 = `SPM.toc'.

 [10.12]
\openout2 = `Introduction.aux'.

 (Introduction.tex
LaTeX Font Info:    Font shape `OT1/ptm/bx/n' in size <12> not available
(Font)              Font shape `OT1/ptm/b/n' tried instead on input line 7.
 (SPMversion.tex)
LaTeX Font Info:    Font shape `OT1/pcr/bx/n' in size <12> not available
(Font)              Font shape `OT1/pcr/b/n' tried instead on input line 11.
 (SPMversion.tex)
[1.13



]) [2.14]
\openout2 = `Overview.aux'.

 (Overview.tex [3.15




] [4.16]) [5.17] [6.18



]
\openout2 = `RunningSPM.aux'.

 (RunningSPM.tex
[7.19

]
LaTeX Font Info:    Font shape `OT1/pcr/m/it' in size <10.95> not available
(Font)              Font shape `OT1/pcr/m/sl' tried instead on input line 32.
 [8.20]
LaTeX Font Info:    Font shape `OT1/pcr/bx/it' in size <10.95> not available
(Font)              Font shape `OT1/pcr/b/it' tried instead on input line 61.
LaTeX Font Info:    Font shape `OT1/pcr/b/it' in size <10.95> not available
(Font)              Font shape `OT1/pcr/b/sl' tried instead on input line 61.
LaTeX Font Info:    Font shape `OT1/ptm/bx/it' in size <10.95> not available
(Font)              Font shape `OT1/ptm/b/it' tried instead on input line 80.
LaTeX Font Info:    Font shape `OT1/phv/bx/n' in size <10.95> not available
(Font)              Font shape `OT1/phv/b/n' tried instead on input line 102.
LaTeX Font Info:    Font shape `OT1/phv/b/n' will be
(Font)              scaled to size 9.85492pt on input line 102.
 [9.21] [10.22] [11.23]) [12.24]
\openout2 = `Population.aux'.

 (Population.tex
<Figures/SquareStructure.png, id=1603, 493.845pt x 345.54094pt>
File: Figures/SquareStructure.png Graphic file (type png)
<use Figures/SquareStructure.png>
Package pdftex.def Info: Figures/SquareStructure.png  used on input line 36.
(pdftex.def)             Requested size: 287.1299pt x 200.89894pt.
 [13.25




] [14.26 <./Figures/SquareStructure.png>] [15.27] [16.28] [17.29] [18.30] [19.3
1] [20.32]
[21.33] [22.34] [23.35] [24.36] [25.37] [26.38] [27.39] [28.40] [29.41]
[30.42] [31.43] [32.44] [33.45] [34.46] [35.47] [36.48] [37.49] [38.50]
[39.51] [40.52] [41.53] [42.54] [43.55] [44.56] [45.57] [46.58] [47.59]
[48.60] [49.61] [50.62] [51.63] [52.64]) [53.65] [54.66



]
\openout2 = `Estimation.aux'.

 (Estimation.tex
[55.67

] [56.68] [57.69] [58.70] [59.71] [60.72]) [61.73] [62.74



]
\openout2 = `Observation.aux'.


(Observation.tex [63.75

] [64.76]
LaTeX Font Info:    Font shape `OT1/ptm/bx/n' in size <10> not available
(Font)              Font shape `OT1/ptm/b/n' tried instead on input line 110.
LaTeX Font Info:    Font shape `OT1/ptm/bx/n' in size <7.4> not available
(Font)              Font shape `OT1/ptm/b/n' tried instead on input line 110.
 [65.77] [66.78] [67.79] [68.80] [69.81]
[70.82] [71.83] [72.84] [73.85] [74.86] [75.87] [76.88] [77.89] [78.90]
LaTeX Font Info:    Font shape `OMS/ptm/m/n' in size <10> not available
(Font)              Font shape `OMS/pzccm/m/n' tried instead on input line 821.


[79.91]) [80.92]
\openout2 = `Report.aux'.

 (Report.tex [81.93




] [82.94] [83.95]) [84.96]
(syntax/PopulationSyntax.tex
LaTeX Font Info:    Font shape `OT1/pcr/bx/n' in size <10> not available
(Font)              Font shape `OT1/pcr/b/n' tried instead on input line 5.
 [85.97



] [86.98] [87.99] [88.100] [89.101] [90.102] [91.103] [92.104] [93.105] [94.106
] [95.107] [96.108] [97.109] [98.110]
[99.111] [100.112] [101.113] [102.114] [103.115] [104.116] [105.117] [106.118]
[107.119] [108.120] [109.121] [110.122] [111.123] [112.124] [113.125] [114.126]
[115.127] [116.128] [117.129] [118.130] [119.131] [120.132] [121.133] [122.134]
[123.135] [124.136] [125.137] [126.138]) [127.139] [128.140


]
(syntax/EstimationSyntax.tex [129.141] [130.142] [131.143] [132.144] [133.145]
[134.146] [135.147]) [136.148] (syntax/ObservationSyntax.tex [137.149


] [138.150] [139.151] [140.152] [141.153] [142.154] [143.155] [144.156] [145.15
7]
[146.158] [147.159] [148.160] [149.161]) [150.162] (syntax/ReportSyntax.tex
[151.163


] [152.164] [153.165] [154.166] [155.167] [156.168] [157.169] [158.170] [159.17
1] [160.172] [161.173]) [162.174] (syntax/GeneralSyntax.tex) [163.175


]
[164.176


]
\openout2 = `Examples.aux'.

 (Examples.tex
LaTeX Font Info:    Font shape `OT1/ptm/bx/n' in size <9> not available
(Font)              Font shape `OT1/ptm/b/n' tried instead on input line 12.
LaTeX Font Info:    Font shape `OT1/ptm/bx/n' in size <7> not available
(Font)              Font shape `OT1/ptm/b/n' tried instead on input line 12.
 (Examples/Example1.tex
Package hyperref Info: bookmark level for unknown lstlisting defaults to 0 on i
nput line 20.
 (../../examples/1x1/config.spm
[165.177

]) (../../examples/1x1/objective_values.dat [166.178])
(../../examples/1x1/MPD.dat) (../../examples/1x1/simulations/observations.01)
[167.179] (../../examples/1x1/MCMC.log) (../../examples/1x1/MCMC.log)
(../../examples/1x1/MCMC.log [168.180])) (Examples/Example2.tex
(../../examples/simple_spatial/config.spm [169.181]) [170.182]
(../../examples/simple_spatial/objective.dat [171.183])
(../../examples/simple_spatial/MPD.dat)
(../../examples/simple_spatial/simulations/observations.01) [172.184]
(../../examples/simple_spatial/MCMC.log))) [173.185] [174.186



]
\openout2 = `PostProcessing.aux'.


(PostProcessing.tex) [175.187

] [176.188



]
\openout2 = `ChangesEnhancements.aux'.

 (ChangesEnhancements.tex
(SPMversion.tex)) [177.189

] [178.190



]
\openout2 = `Troubleshooting.aux'.

 (Troubleshooting.tex (SPMversion.tex)
[179.191

]) [180.192]
\openout2 = `Acknowledgments.aux'.

 (Acknowledgments.tex) [181.193




] [182.194



]
\openout2 = `QuickReference.aux'.


(QuickReference.tex [183.195

] [184.196] [185.197] [186.198] [187.199] [188.200] [189.201] [190.202] [191.20
3] [192.204] [193.205] [194.206] [195.207] [196.208] [197.209] [198.210] [199.2
11] [200.212] [201.213] [202.214]) [203.215]
[204.216



]
\openout2 = `References.aux'.

 (References.tex (SPM.bbl [205.217

])) [206.218]
\openout2 = `License.aux'.

 (License.tex [207.219




]) [208.220] (SPM.ind [209.221




] [210.222] [211.223] [212.224] [213.225

])
Package atveryend Info: Empty hook `BeforeClearDocument' on input line 360.
Package atveryend Info: Empty hook `AfterLastShipout' on input line 360.

(SPM.aux (Introduction.aux) (Overview.aux) (RunningSPM.aux) (Population.aux)
(Estimation.aux) (Observation.aux) (Report.aux) (Examples.aux)
(PostProcessing.aux) (ChangesEnhancements.aux) (Troubleshooting.aux)
(Acknowledgments.aux) (QuickReference.aux) (References.aux) (License.aux))
Package atveryend Info: Executing hook `AtVeryEndDocument' on input line 360.
Package atveryend Info: Executing hook `AtEndAfterFileList' on input line 360.
Package rerunfilecheck Info: File `SPM.out' has not changed.
(rerunfilecheck)             Checksum: 45C3F94D053A76762358C25E943435EE;23486.
Package atveryend Info: Empty hook `AtVeryVeryEnd' on input line 360.
 )
(\end occurred inside a group at level 12)

### simple group (level 12) entered at line 452 ({)
### simple group (level 11) entered at line 452 ({)
### simple group (level 10) entered at line 426 ({)
### simple group (level 9) entered at line 426 ({)
### simple group (level 8) entered at line 398 ({)
### simple group (level 7) entered at line 398 ({)
### simple group (level 6) entered at line 139 ({)
### simple group (level 5) entered at line 139 ({)
### simple group (level 4) entered at line 112 ({)
### simple group (level 3) entered at line 112 ({)
### simple group (level 2) entered at line 83 ({)
### simple group (level 1) entered at line 83 ({)
### bottom level 
Here is how much of TeX's memory you used:
 11915 strings out of 492895
 179438 string characters out of 3123734
 406585 words of memory out of 3000000
 14222 multiletter control sequences out of 15000+200000
 80883 words of font info for 168 fonts, out of 3000000 for 9000
 1141 hyphenation exceptions out of 8191
 38i,15n,43p,1464b,2264s stack positions out of 5000i,500n,10000p,200000b,50000s
{C:/Users/alist/AppData/Local/Programs/MiKTeX 2.9/fonts/enc/dvi
ps/base/8r.enc}<C:/Users/alist/AppData/Local/Programs/MiKTeX 2.9/fonts/type1/pu
blic/amsfonts/cm/cmex10.pfb><C:/Users/alist/AppData/Local/Programs/MiKTeX 2.9/f
onts/type1/public/amsfonts/cm/cmmi10.pfb><C:/Users/alist/AppData/Local/Programs
/MiKTeX 2.9/fonts/type1/public/amsfonts/cm/cmr10.pfb><C:/Users/alist/AppData/Lo
cal/Programs/MiKTeX 2.9/fonts/type1/public/amsfonts/cm/cmsy10.pfb><C:/Users/ali
st/AppData/Local/Programs/MiKTeX 2.9/fonts/type1/urw/courier/ucrb8a.pfb><C:/Use
rs/alist/AppData/Local/Programs/MiKTeX 2.9/fonts/type1/urw/courier/ucrbo8a.pfb>
<C:/Users/alist/AppData/Local/Programs/MiKTeX 2.9/fonts/type1/urw/courier/ucrr8
a.pfb><C:/Users/alist/AppData/Local/Programs/MiKTeX 2.9/fonts/type1/urw/courier
/ucrro8a.pfb><C:/Users/alist/AppData/Local/Programs/MiKTeX 2.9/fonts/type1/urw/
helvetic/uhvb8a.pfb><C:/Users/alist/AppData/Local/Programs/MiKTeX 2.9/fonts/typ
e1/urw/symbol/usyr.pfb><C:/Users/alist/AppData/Local/Programs/MiKTeX 2.9/fonts/
type1/urw/times/utmb8a.pfb><C:/Users/alist/AppData/Local/Programs/MiKTeX 2.9/fo
nts/type1/urw/times/utmbi8a.pfb><C:/Users/alist/AppData/Local/Programs/MiKTeX 2
.9/fonts/type1/urw/times/utmr8a.pfb><C:/Users/alist/AppData/Local/Programs/MiKT
eX 2.9/fonts/type1/urw/times/utmr8a.pfb><C:/Users/alist/AppData/Local/Programs/
MiKTeX 2.9/fonts/type1/urw/times/utmri8a.pfb>
Output written on SPM.pdf (225 pages, 1167920 bytes).
PDF statistics:
 3894 PDF objects out of 4296 (max. 8388607)
 1124 named destinations out of 1200 (max. 500000)
 2292 words of extra memory for PDF output out of 10000 (max. 10000000)

