\BOOKMARK [1][-]{title.1}{SPM Users Manual}{}% 1
\BOOKMARK [1][-]{contents.1}{Contents}{}% 2
\BOOKMARK [1][-]{section.1}{1 Introduction}{}% 3
\BOOKMARK [2][-]{subsection.1.1}{1.1 Version}{section.1}% 4
\BOOKMARK [2][-]{subsection.1.2}{1.2 Citing SPM}{section.1}% 5
\BOOKMARK [2][-]{subsection.1.3}{1.3 Software license}{section.1}% 6
\BOOKMARK [2][-]{subsection.1.4}{1.4 System requirements}{section.1}% 7
\BOOKMARK [2][-]{subsection.1.5}{1.5 Necessary files}{section.1}% 8
\BOOKMARK [2][-]{subsection.1.6}{1.6 Getting help}{section.1}% 9
\BOOKMARK [2][-]{subsection.1.7}{1.7 Technical details}{section.1}% 10
\BOOKMARK [1][-]{section.2}{2 Model overview}{}% 11
\BOOKMARK [2][-]{subsection.2.1}{2.1 Introduction}{section.2}% 12
\BOOKMARK [2][-]{subsection.2.2}{2.2 The population section}{section.2}% 13
\BOOKMARK [2][-]{subsection.2.3}{2.3 The estimation section}{section.2}% 14
\BOOKMARK [2][-]{subsection.2.4}{2.4 The observation section}{section.2}% 15
\BOOKMARK [2][-]{subsection.2.5}{2.5 The report section}{section.2}% 16
\BOOKMARK [1][-]{section.3}{3 Running SPM}{}% 17
\BOOKMARK [2][-]{subsection.3.1}{3.1 Using SPM}{section.3}% 18
\BOOKMARK [2][-]{subsection.3.2}{3.2 The input configuration file}{section.3}% 19
\BOOKMARK [2][-]{subsection.3.3}{3.3 Redirecting standard output}{section.3}% 20
\BOOKMARK [2][-]{subsection.3.4}{3.4 Command line arguments}{section.3}% 21
\BOOKMARK [2][-]{subsection.3.5}{3.5 Constructing an SPM input configuration file}{section.3}% 22
\BOOKMARK [3][-]{subsubsection.3.5.1}{3.5.1 Commands}{subsection.3.5}% 23
\BOOKMARK [3][-]{subsubsection.3.5.2}{3.5.2 Subcommands}{subsection.3.5}% 24
\BOOKMARK [3][-]{subsubsection.3.5.3}{3.5.3 The command-block format}{subsection.3.5}% 25
\BOOKMARK [3][-]{subsubsection.3.5.4}{3.5.4 Commenting out lines}{subsection.3.5}% 26
\BOOKMARK [3][-]{subsubsection.3.5.5}{3.5.5 Determining parameter names}{subsection.3.5}% 27
\BOOKMARK [2][-]{subsection.3.6}{3.6 SPM exit status values}{section.3}% 28
\BOOKMARK [1][-]{section.4}{4 The population section}{}% 29
\BOOKMARK [2][-]{subsection.4.1}{4.1 Introduction}{section.4}% 30
\BOOKMARK [2][-]{subsection.4.2}{4.2 Spatial structure}{section.4}% 31
\BOOKMARK [2][-]{subsection.4.3}{4.3 Population structure}{section.4}% 32
\BOOKMARK [2][-]{subsection.4.4}{4.4 Layers}{section.4}% 33
\BOOKMARK [2][-]{subsection.4.5}{4.5 Time sequences}{section.4}% 34
\BOOKMARK [3][-]{subsubsection.4.5.1}{4.5.1 Annual cycle}{subsection.4.5}% 35
\BOOKMARK [3][-]{subsubsection.4.5.2}{4.5.2 Initialisation}{subsection.4.5}% 36
\BOOKMARK [3][-]{subsubsection.4.5.3}{4.5.3 Model years}{subsection.4.5}% 37
\BOOKMARK [3][-]{subsubsection.4.5.4}{4.5.4 Time-steps}{subsection.4.5}% 38
\BOOKMARK [2][-]{subsection.4.6}{4.6 Processes}{section.4}% 39
\BOOKMARK [2][-]{subsection.4.7}{4.7 Population processes}{section.4}% 40
\BOOKMARK [3][-]{subsubsection.4.7.1}{4.7.1 Recruitment}{subsection.4.7}% 41
\BOOKMARK [3][-]{subsubsection.4.7.2}{4.7.2 Ageing}{subsection.4.7}% 42
\BOOKMARK [3][-]{subsubsection.4.7.3}{4.7.3 Mortality}{subsection.4.7}% 43
\BOOKMARK [3][-]{subsubsection.4.7.4}{4.7.4 Category states}{subsection.4.7}% 44
\BOOKMARK [3][-]{subsubsection.4.7.5}{4.7.5 Category transitions}{subsection.4.7}% 45
\BOOKMARK [2][-]{subsection.4.8}{4.8 Movement processes}{section.4}% 46
\BOOKMARK [3][-]{subsubsection.4.8.1}{4.8.1 Migration movement}{subsection.4.8}% 47
\BOOKMARK [3][-]{subsubsection.4.8.2}{4.8.2 Adjacent cell movement}{subsection.4.8}% 48
\BOOKMARK [3][-]{subsubsection.4.8.3}{4.8.3 Preference movement}{subsection.4.8}% 49
\BOOKMARK [2][-]{subsection.4.9}{4.9 Derived quantities}{section.4}% 50
\BOOKMARK [2][-]{subsection.4.10}{4.10 Derived quantities by cell}{section.4}% 51
\BOOKMARK [2][-]{subsection.4.11}{4.11 Size-age relationship}{section.4}% 52
\BOOKMARK [2][-]{subsection.4.12}{4.12 Size-weight relationship}{section.4}% 53
\BOOKMARK [2][-]{subsection.4.13}{4.13 Selectivities}{section.4}% 54
\BOOKMARK [3][-]{subsubsection.4.13.1}{4.13.1 Constant}{subsection.4.13}% 55
\BOOKMARK [3][-]{subsubsection.4.13.2}{4.13.2 Knife-edge}{subsection.4.13}% 56
\BOOKMARK [3][-]{subsubsection.4.13.3}{4.13.3 All-values}{subsection.4.13}% 57
\BOOKMARK [3][-]{subsubsection.4.13.4}{4.13.4 All-values-bounded}{subsection.4.13}% 58
\BOOKMARK [3][-]{subsubsection.4.13.5}{4.13.5 Increasing}{subsection.4.13}% 59
\BOOKMARK [3][-]{subsubsection.4.13.6}{4.13.6 Logistic}{subsection.4.13}% 60
\BOOKMARK [3][-]{subsubsection.4.13.7}{4.13.7 Inverse logistic}{subsection.4.13}% 61
\BOOKMARK [3][-]{subsubsection.4.13.8}{4.13.8 Logistic producing}{subsection.4.13}% 62
\BOOKMARK [3][-]{subsubsection.4.13.9}{4.13.9 Double-normal}{subsection.4.13}% 63
\BOOKMARK [3][-]{subsubsection.4.13.10}{4.13.10 Double-exponential}{subsection.4.13}% 64
\BOOKMARK [3][-]{subsubsection.4.13.11}{4.13.11 Spline}{subsection.4.13}% 65
\BOOKMARK [1][-]{section.5}{5 The estimation section}{}% 66
\BOOKMARK [2][-]{subsection.5.1}{5.1 Role of the estimation section}{section.5}% 67
\BOOKMARK [2][-]{subsection.5.2}{5.2 The objective function}{section.5}% 68
\BOOKMARK [2][-]{subsection.5.3}{5.3 Specifying the parameters to be estimated}{section.5}% 69
\BOOKMARK [2][-]{subsection.5.4}{5.4 Point estimation}{section.5}% 70
\BOOKMARK [3][-]{subsubsection.5.4.1}{5.4.1 The numerical differences minimiser}{subsection.5.4}% 71
\BOOKMARK [3][-]{subsubsection.5.4.2}{5.4.2 The differential evolution minimiser}{subsection.5.4}% 72
\BOOKMARK [2][-]{subsection.5.5}{5.5 Posterior profiles}{section.5}% 73
\BOOKMARK [2][-]{subsection.5.6}{5.6 Bayesian estimation}{section.5}% 74
\BOOKMARK [2][-]{subsection.5.7}{5.7 Priors}{section.5}% 75
\BOOKMARK [2][-]{subsection.5.8}{5.8 Penalties}{section.5}% 76
\BOOKMARK [1][-]{section.6}{6 The observation section}{}% 77
\BOOKMARK [2][-]{subsection.6.1}{6.1 Observations and likelihoods}{section.6}% 78
\BOOKMARK [2][-]{subsection.6.2}{6.2 Proportions-at-age observations}{section.6}% 79
\BOOKMARK [3][-]{subsubsection.6.2.1}{6.2.1 Likelihoods for proportions-at-age observations}{subsection.6.2}% 80
\BOOKMARK [2][-]{subsection.6.3}{6.3 Proportions-by-category observations}{section.6}% 81
\BOOKMARK [3][-]{subsubsection.6.3.1}{6.3.1 Likelihoods for proportions-by-category observations}{subsection.6.3}% 82
\BOOKMARK [2][-]{subsection.6.4}{6.4 Proportions-at-length observations}{section.6}% 83
\BOOKMARK [3][-]{subsubsection.6.4.1}{6.4.1 Likelihoods for proportions-at-length observations}{subsection.6.4}% 84
\BOOKMARK [2][-]{subsection.6.5}{6.5 Abundance or biomass observations}{section.6}% 85
\BOOKMARK [3][-]{subsubsection.6.5.1}{6.5.1 Likelihoods for abundance observations}{subsection.6.5}% 86
\BOOKMARK [2][-]{subsection.6.6}{6.6 Relative proportions present observations}{section.6}% 87
\BOOKMARK [3][-]{subsubsection.6.6.1}{6.6.1 Likelihoods for presence observations}{subsection.6.6}% 88
\BOOKMARK [2][-]{subsection.6.7}{6.7 Process error}{section.6}% 89
\BOOKMARK [2][-]{subsection.6.8}{6.8 Ageing error}{section.6}% 90
\BOOKMARK [2][-]{subsection.6.9}{6.9 Simulating observations}{section.6}% 91
\BOOKMARK [2][-]{subsection.6.10}{6.10 Pseudo-observations}{section.6}% 92
\BOOKMARK [1][-]{section.7}{7 The report section}{}% 93
\BOOKMARK [2][-]{subsection.7.1}{7.1 Print the model spatial map}{section.7}% 94
\BOOKMARK [2][-]{subsection.7.2}{7.2 Print the partition}{section.7}% 95
\BOOKMARK [2][-]{subsection.7.3}{7.3 Print the partition biomass}{section.7}% 96
\BOOKMARK [2][-]{subsection.7.4}{7.4 Print the partition at the end of an initialisation}{section.7}% 97
\BOOKMARK [2][-]{subsection.7.5}{7.5 Print a process summary}{section.7}% 98
\BOOKMARK [2][-]{subsection.7.6}{7.6 Print a preference function summary}{section.7}% 99
\BOOKMARK [2][-]{subsection.7.7}{7.7 Print derived quantities}{section.7}% 100
\BOOKMARK [2][-]{subsection.7.8}{7.8 Print derived quantities by cell}{section.7}% 101
\BOOKMARK [2][-]{subsection.7.9}{7.9 Print the estimated parameters}{section.7}% 102
\BOOKMARK [2][-]{subsection.7.10}{7.10 Print the estimated parameters in a vector format}{section.7}% 103
\BOOKMARK [2][-]{subsection.7.11}{7.11 Print the objective function}{section.7}% 104
\BOOKMARK [2][-]{subsection.7.12}{7.12 Print the covariance matrix}{section.7}% 105
\BOOKMARK [2][-]{subsection.7.13}{7.13 Print observations, fits, and residuals}{section.7}% 106
\BOOKMARK [2][-]{subsection.7.14}{7.14 Print simulated observations}{section.7}% 107
\BOOKMARK [2][-]{subsection.7.15}{7.15 Print the ageing error misclassification matrix}{section.7}% 108
\BOOKMARK [2][-]{subsection.7.16}{7.16 Print layers and meta-layers}{section.7}% 109
\BOOKMARK [2][-]{subsection.7.17}{7.17 Print a derived view via a categorical layer}{section.7}% 110
\BOOKMARK [2][-]{subsection.7.18}{7.18 Print selectivities}{section.7}% 111
\BOOKMARK [2][-]{subsection.7.19}{7.19 Print the random number seed}{section.7}% 112
\BOOKMARK [2][-]{subsection.7.20}{7.20 Print the size-weight relationship}{section.7}% 113
\BOOKMARK [2][-]{subsection.7.21}{7.21 Print the size-at-age relationship}{section.7}% 114
\BOOKMARK [2][-]{subsection.7.22}{7.22 Print the weight-at-age relationship}{section.7}% 115
\BOOKMARK [2][-]{subsection.7.23}{7.23 Print the results of an MCMC}{section.7}% 116
\BOOKMARK [2][-]{subsection.7.24}{7.24 Print the MCMC samples as they are calculated}{section.7}% 117
\BOOKMARK [2][-]{subsection.7.25}{7.25 Print the MCMC objective function values as they are calculated}{section.7}% 118
\BOOKMARK [1][-]{section.8}{8 Population command and subcommand syntax}{}% 119
\BOOKMARK [2][-]{subsection.8.1}{8.1 Model structure}{section.8}% 120
\BOOKMARK [2][-]{subsection.8.2}{8.2 Initialisation}{section.8}% 121
\BOOKMARK [2][-]{subsection.8.3}{8.3 Time-steps}{section.8}% 122
\BOOKMARK [2][-]{subsection.8.4}{8.4 Processes}{section.8}% 123
\BOOKMARK [3][-]{subsubsection.8.4.1}{8.4.1 Constant recruitment process}{subsection.8.4}% 124
\BOOKMARK [3][-]{subsubsection.8.4.2}{8.4.2 Beverton-Holt recruitment process}{subsection.8.4}% 125
\BOOKMARK [3][-]{subsubsection.8.4.3}{8.4.3 Local Beverton-Holt recruitment process}{subsection.8.4}% 126
\BOOKMARK [3][-]{subsubsection.8.4.4}{8.4.4 Ageing process}{subsection.8.4}% 127
\BOOKMARK [3][-]{subsubsection.8.4.5}{8.4.5 Constant mortality rate process}{subsection.8.4}% 128
\BOOKMARK [3][-]{subsubsection.8.4.6}{8.4.6 Constant exploitation rate process}{subsection.8.4}% 129
\BOOKMARK [3][-]{subsubsection.8.4.7}{8.4.7 Annual mortality rate process}{subsection.8.4}% 130
\BOOKMARK [3][-]{subsubsection.8.4.8}{8.4.8 Layer varying exploitation rate process}{subsection.8.4}% 131
\BOOKMARK [3][-]{subsubsection.8.4.9}{8.4.9 Event mortality process}{subsection.8.4}% 132
\BOOKMARK [3][-]{subsubsection.8.4.10}{8.4.10 Biomass event mortality process}{subsection.8.4}% 133
\BOOKMARK [3][-]{subsubsection.8.4.11}{8.4.11 Holling mortality rate}{subsection.8.4}% 134
\BOOKMARK [3][-]{subsubsection.8.4.12}{8.4.12 Prey-suitability predation process}{subsection.8.4}% 135
\BOOKMARK [3][-]{subsubsection.8.4.13}{8.4.13 Category state by age process}{subsection.8.4}% 136
\BOOKMARK [3][-]{subsubsection.8.4.14}{8.4.14 Category transition process}{subsection.8.4}% 137
\BOOKMARK [3][-]{subsubsection.8.4.15}{8.4.15 Category transition rate process}{subsection.8.4}% 138
\BOOKMARK [3][-]{subsubsection.8.4.16}{8.4.16 Category transition by age process}{subsection.8.4}% 139
\BOOKMARK [3][-]{subsubsection.8.4.17}{8.4.17 Migration movement}{subsection.8.4}% 140
\BOOKMARK [3][-]{subsubsection.8.4.18}{8.4.18 Adjacent cell movement}{subsection.8.4}% 141
\BOOKMARK [3][-]{subsubsection.8.4.19}{8.4.19 Preference movement}{subsection.8.4}% 142
\BOOKMARK [3][-]{subsubsection.8.4.20}{8.4.20 Multi-threaded preference movement}{subsection.8.4}% 143
\BOOKMARK [2][-]{subsection.8.5}{8.5 Preference functions}{section.8}% 144
\BOOKMARK [3][-]{subsubsection.8.5.1}{8.5.1 Constant}{subsection.8.5}% 145
\BOOKMARK [3][-]{subsubsection.8.5.2}{8.5.2 Normal}{subsection.8.5}% 146
\BOOKMARK [3][-]{subsubsection.8.5.3}{8.5.3 Double-normal}{subsection.8.5}% 147
\BOOKMARK [3][-]{subsubsection.8.5.4}{8.5.4 Logistic}{subsection.8.5}% 148
\BOOKMARK [3][-]{subsubsection.8.5.5}{8.5.5 Inverse-logistic}{subsection.8.5}% 149
\BOOKMARK [3][-]{subsubsection.8.5.6}{8.5.6 Exponential}{subsection.8.5}% 150
\BOOKMARK [3][-]{subsubsection.8.5.7}{8.5.7 Threshold}{subsection.8.5}% 151
\BOOKMARK [3][-]{subsubsection.8.5.8}{8.5.8 Categorical}{subsection.8.5}% 152
\BOOKMARK [3][-]{subsubsection.8.5.9}{8.5.9 Monotonic categorical}{subsection.8.5}% 153
\BOOKMARK [3][-]{subsubsection.8.5.10}{8.5.10 Gaussian copula}{subsection.8.5}% 154
\BOOKMARK [3][-]{subsubsection.8.5.11}{8.5.11 Gumbel copula}{subsection.8.5}% 155
\BOOKMARK [3][-]{subsubsection.8.5.12}{8.5.12 Frank copula}{subsection.8.5}% 156
\BOOKMARK [3][-]{subsubsection.8.5.13}{8.5.13 Independence copula}{subsection.8.5}% 157
\BOOKMARK [2][-]{subsection.8.6}{8.6 Probability Density Functions}{section.8}% 158
\BOOKMARK [3][-]{subsubsection.8.6.1}{8.6.1 Normal}{subsection.8.6}% 159
\BOOKMARK [3][-]{subsubsection.8.6.2}{8.6.2 Lognormal}{subsection.8.6}% 160
\BOOKMARK [3][-]{subsubsection.8.6.3}{8.6.3 Exponential}{subsection.8.6}% 161
\BOOKMARK [3][-]{subsubsection.8.6.4}{8.6.4 Uniform}{subsection.8.6}% 162
\BOOKMARK [2][-]{subsection.8.7}{8.7 Layers}{section.8}% 163
\BOOKMARK [3][-]{subsubsection.8.7.1}{8.7.1 Numeric}{subsection.8.7}% 164
\BOOKMARK [3][-]{subsubsection.8.7.2}{8.7.2 Categorical}{subsection.8.7}% 165
\BOOKMARK [3][-]{subsubsection.8.7.3}{8.7.3 Distance}{subsection.8.7}% 166
\BOOKMARK [3][-]{subsubsection.8.7.4}{8.7.4 Haversine}{subsection.8.7}% 167
\BOOKMARK [3][-]{subsubsection.8.7.5}{8.7.5 Dijkstra}{subsection.8.7}% 168
\BOOKMARK [3][-]{subsubsection.8.7.6}{8.7.6 Haversine Dijkstra}{subsection.8.7}% 169
\BOOKMARK [3][-]{subsubsection.8.7.7}{8.7.7 Abundance}{subsection.8.7}% 170
\BOOKMARK [3][-]{subsubsection.8.7.8}{8.7.8 Biomass}{subsection.8.7}% 171
\BOOKMARK [3][-]{subsubsection.8.7.9}{8.7.9 Abundance-density}{subsection.8.7}% 172
\BOOKMARK [3][-]{subsubsection.8.7.10}{8.7.10 Biomass-density}{subsection.8.7}% 173
\BOOKMARK [3][-]{subsubsection.8.7.11}{8.7.11 Numeric meta-layer}{subsection.8.7}% 174
\BOOKMARK [3][-]{subsubsection.8.7.12}{8.7.12 Categorical meta-layer}{subsection.8.7}% 175
\BOOKMARK [3][-]{subsubsection.8.7.13}{8.7.13 Derived quantity layer}{subsection.8.7}% 176
\BOOKMARK [3][-]{subsubsection.8.7.14}{8.7.14 Derived quantity by cell layer}{subsection.8.7}% 177
\BOOKMARK [2][-]{subsection.8.8}{8.8 Derived quantities by cell}{section.8}% 178
\BOOKMARK [3][-]{subsubsection.8.8.1}{8.8.1 Abundance}{subsection.8.8}% 179
\BOOKMARK [3][-]{subsubsection.8.8.2}{8.8.2 Biomass}{subsection.8.8}% 180
\BOOKMARK [2][-]{subsection.8.9}{8.9 Derived quantities}{section.8}% 181
\BOOKMARK [3][-]{subsubsection.8.9.1}{8.9.1 Abundance}{subsection.8.9}% 182
\BOOKMARK [3][-]{subsubsection.8.9.2}{8.9.2 Biomass}{subsection.8.9}% 183
\BOOKMARK [2][-]{subsection.8.10}{8.10 Age-size relationship}{section.8}% 184
\BOOKMARK [3][-]{subsubsection.8.10.1}{8.10.1 von Bertalanffy}{subsection.8.10}% 185
\BOOKMARK [3][-]{subsubsection.8.10.2}{8.10.2 Schnute}{subsection.8.10}% 186
\BOOKMARK [2][-]{subsection.8.11}{8.11 Size-weight}{section.8}% 187
\BOOKMARK [3][-]{subsubsection.8.11.1}{8.11.1 None}{subsection.8.11}% 188
\BOOKMARK [3][-]{subsubsection.8.11.2}{8.11.2 Basic}{subsection.8.11}% 189
\BOOKMARK [2][-]{subsection.8.12}{8.12 Selectivities}{section.8}% 190
\BOOKMARK [3][-]{subsubsection.8.12.1}{8.12.1 Constant}{subsection.8.12}% 191
\BOOKMARK [3][-]{subsubsection.8.12.2}{8.12.2 Knife-edge}{subsection.8.12}% 192
\BOOKMARK [3][-]{subsubsection.8.12.3}{8.12.3 All-values}{subsection.8.12}% 193
\BOOKMARK [3][-]{subsubsection.8.12.4}{8.12.4 All-values-bounded}{subsection.8.12}% 194
\BOOKMARK [3][-]{subsubsection.8.12.5}{8.12.5 Increasing}{subsection.8.12}% 195
\BOOKMARK [3][-]{subsubsection.8.12.6}{8.12.6 Logistic}{subsection.8.12}% 196
\BOOKMARK [3][-]{subsubsection.8.12.7}{8.12.7 InverseLogistic}{subsection.8.12}% 197
\BOOKMARK [3][-]{subsubsection.8.12.8}{8.12.8 Logistic producing}{subsection.8.12}% 198
\BOOKMARK [3][-]{subsubsection.8.12.9}{8.12.9 Double-normal}{subsection.8.12}% 199
\BOOKMARK [3][-]{subsubsection.8.12.10}{8.12.10 Double-exponential}{subsection.8.12}% 200
\BOOKMARK [3][-]{subsubsection.8.12.11}{8.12.11 Spline}{subsection.8.12}% 201
\BOOKMARK [1][-]{section.9}{9 Estimation command and subcommand syntax}{}% 202
\BOOKMARK [2][-]{subsection.9.1}{9.1 Estimation methods}{section.9}% 203
\BOOKMARK [2][-]{subsection.9.2}{9.2 Point estimation}{section.9}% 204
\BOOKMARK [3][-]{subsubsection.9.2.1}{9.2.1 Numerical differences minimiser}{subsection.9.2}% 205
\BOOKMARK [3][-]{subsubsection.9.2.2}{9.2.2 Differential evolution minimiser}{subsection.9.2}% 206
\BOOKMARK [2][-]{subsection.9.3}{9.3 Markov Chain Monte Carlo \(MCMC\)}{section.9}% 207
\BOOKMARK [3][-]{subsubsection.9.3.1}{9.3.1 Metropolis-Hastings}{subsection.9.3}% 208
\BOOKMARK [2][-]{subsection.9.4}{9.4 Profiles}{section.9}% 209
\BOOKMARK [2][-]{subsection.9.5}{9.5 Defining the parameters to be estimated and their priors}{section.9}% 210
\BOOKMARK [3][-]{subsubsection.9.5.1}{9.5.1 Uniform prior}{subsection.9.5}% 211
\BOOKMARK [3][-]{subsubsection.9.5.2}{9.5.2 Uniform-log prior}{subsection.9.5}% 212
\BOOKMARK [3][-]{subsubsection.9.5.3}{9.5.3 Normal prior}{subsection.9.5}% 213
\BOOKMARK [3][-]{subsubsection.9.5.4}{9.5.4 Normal-by-stdev prior}{subsection.9.5}% 214
\BOOKMARK [3][-]{subsubsection.9.5.5}{9.5.5 Lognormal prior}{subsection.9.5}% 215
\BOOKMARK [3][-]{subsubsection.9.5.6}{9.5.6 Beta prior}{subsection.9.5}% 216
\BOOKMARK [2][-]{subsection.9.6}{9.6 Defining catchability constants}{section.9}% 217
\BOOKMARK [2][-]{subsection.9.7}{9.7 Defining penalties}{section.9}% 218
\BOOKMARK [1][-]{section.10}{10 Observation command and subcommand syntax}{}% 219
\BOOKMARK [2][-]{subsection.10.1}{10.1 Observation types}{section.10}% 220
\BOOKMARK [3][-]{subsubsection.10.1.1}{10.1.1 Proportions at age}{subsection.10.1}% 221
\BOOKMARK [3][-]{subsubsection.10.1.2}{10.1.2 Proportions by category}{subsection.10.1}% 222
\BOOKMARK [3][-]{subsubsection.10.1.3}{10.1.3 Proportions at age}{subsection.10.1}% 223
\BOOKMARK [3][-]{subsubsection.10.1.4}{10.1.4 Abundance}{subsection.10.1}% 224
\BOOKMARK [3][-]{subsubsection.10.1.5}{10.1.5 Biomass}{subsection.10.1}% 225
\BOOKMARK [3][-]{subsubsection.10.1.6}{10.1.6 Presence}{subsection.10.1}% 226
\BOOKMARK [2][-]{subsection.10.2}{10.2 Defining ageing error}{section.10}% 227
\BOOKMARK [3][-]{subsubsection.10.2.1}{10.2.1 No ageing error}{subsection.10.2}% 228
\BOOKMARK [3][-]{subsubsection.10.2.2}{10.2.2 Normal ageing error}{subsection.10.2}% 229
\BOOKMARK [3][-]{subsubsection.10.2.3}{10.2.3 Off-by-one ageing error}{subsection.10.2}% 230
\BOOKMARK [1][-]{section.11}{11 Report command and subcommand syntax}{}% 231
\BOOKMARK [2][-]{subsection.11.1}{11.1 Available reports}{section.11}% 232
\BOOKMARK [2][-]{subsection.11.2}{11.2 Report commands and subcommands}{section.11}% 233
\BOOKMARK [3][-]{subsubsection.11.2.1}{11.2.1 Print the co-ordinates of the spatial map}{subsection.11.2}% 234
\BOOKMARK [3][-]{subsubsection.11.2.2}{11.2.2 Print the partition}{subsection.11.2}% 235
\BOOKMARK [3][-]{subsubsection.11.2.3}{11.2.3 Print the partition biomass}{subsection.11.2}% 236
\BOOKMARK [3][-]{subsubsection.11.2.4}{11.2.4 Print the partition at initialisation}{subsection.11.2}% 237
\BOOKMARK [3][-]{subsubsection.11.2.5}{11.2.5 Print a summary of a process}{subsection.11.2}% 238
\BOOKMARK [3][-]{subsubsection.11.2.6}{11.2.6 Print a summary of a preference function}{subsection.11.2}% 239
\BOOKMARK [3][-]{subsubsection.11.2.7}{11.2.7 Print a derived quantity}{subsection.11.2}% 240
\BOOKMARK [3][-]{subsubsection.11.2.8}{11.2.8 Print a derived quantity by cell}{subsection.11.2}% 241
\BOOKMARK [3][-]{subsubsection.11.2.9}{11.2.9 Print a summary of the estimated parameters}{subsection.11.2}% 242
\BOOKMARK [3][-]{subsubsection.11.2.10}{11.2.10 Print the estimated parameter values out as a vector}{subsection.11.2}% 243
\BOOKMARK [3][-]{subsubsection.11.2.11}{11.2.11 Print the objective function values}{subsection.11.2}% 244
\BOOKMARK [3][-]{subsubsection.11.2.12}{11.2.12 Print the covariance matrix}{subsection.11.2}% 245
\BOOKMARK [3][-]{subsubsection.11.2.13}{11.2.13 Print a summary of the an observation, including fits, and residuals}{subsection.11.2}% 246
\BOOKMARK [3][-]{subsubsection.11.2.14}{11.2.14 Print an observation using simulated values}{subsection.11.2}% 247
\BOOKMARK [3][-]{subsubsection.11.2.15}{11.2.15 Print an ageing error misclassification matrix}{subsection.11.2}% 248
\BOOKMARK [3][-]{subsubsection.11.2.16}{11.2.16 Print a layer}{subsection.11.2}% 249
\BOOKMARK [3][-]{subsubsection.11.2.17}{11.2.17 Print a derived view via a categorical layer}{subsection.11.2}% 250
\BOOKMARK [3][-]{subsubsection.11.2.18}{11.2.18 Print a selectivity}{subsection.11.2}% 251
\BOOKMARK [3][-]{subsubsection.11.2.19}{11.2.19 Print the random number seed used}{subsection.11.2}% 252
\BOOKMARK [3][-]{subsubsection.11.2.20}{11.2.20 Print mean size at age}{subsection.11.2}% 253
\BOOKMARK [3][-]{subsubsection.11.2.21}{11.2.21 Print mean weight at size}{subsection.11.2}% 254
\BOOKMARK [3][-]{subsubsection.11.2.22}{11.2.22 Print mean weight at age}{subsection.11.2}% 255
\BOOKMARK [3][-]{subsubsection.11.2.23}{11.2.23 Print the results of an MCMC}{subsection.11.2}% 256
\BOOKMARK [3][-]{subsubsection.11.2.24}{11.2.24 Print the MCMC samples as they are calculated}{subsection.11.2}% 257
\BOOKMARK [3][-]{subsubsection.11.2.25}{11.2.25 Print the MCMC objective function values as they are calculated}{subsection.11.2}% 258
\BOOKMARK [1][-]{section.12}{12 Other commands and subcommands}{}% 259
\BOOKMARK [1][-]{section.13}{13 Examples}{}% 260
\BOOKMARK [2][-]{subsection.13.1}{13.1 An example of a simple 1 x 1 \040non-spatial model}{section.13}% 261
\BOOKMARK [2][-]{subsection.13.2}{13.2 An example of a simple 10 x 6 \040spatial model with movement}{section.13}% 262
\BOOKMARK [1][-]{section.14}{14 Post processing output using R}{}% 263
\BOOKMARK [2][-]{subsection.14.1}{14.1 Read and extract reports from a SPM output file.}{section.14}% 264
\BOOKMARK [1][-]{section.15}{15 Changes from previous versions}{}% 265
\BOOKMARK [1][-]{section.16}{16 Troubleshooting}{}% 266
\BOOKMARK [2][-]{subsection.16.1}{16.1 Introduction}{section.16}% 267
\BOOKMARK [2][-]{subsection.16.2}{16.2 Reporting errors}{section.16}% 268
\BOOKMARK [2][-]{subsection.16.3}{16.3 Guidelines for reporting a bug in SPM}{section.16}% 269
\BOOKMARK [1][-]{section.17}{17 Acknowledgements}{}% 270
\BOOKMARK [1][-]{section.18}{18 Quick reference}{}% 271
\BOOKMARK [2][-]{subsection.18.1}{18.1 Population command and subcommand syntax}{section.18}% 272
\BOOKMARK [2][-]{subsection.18.2}{18.2 Estimation command and subcommand syntax}{section.18}% 273
\BOOKMARK [2][-]{subsection.18.3}{18.3 Observation command and subcommand syntax}{section.18}% 274
\BOOKMARK [2][-]{subsection.18.4}{18.4 Report command and subcommand syntax}{section.18}% 275
\BOOKMARK [2][-]{subsection.18.5}{18.5 Other commands and subcommands}{section.18}% 276
\BOOKMARK [1][-]{section.19}{19 References}{}% 277
\BOOKMARK [1][-]{section.20}{20 Spatial Population Model software license}{}% 278
\BOOKMARK [1][-]{section.21}{21 Index}{}% 279
