-- Configuring done
-- Generating done
-- Build files have been written to: C:/Users/alist/OneDrive/Projects/Software/SPM/BuildSystem/SPM/windows/binary
[  0%] Built target icon
Scanning dependencies of target spm
Scanning dependencies of target spm_unoptimised
Scanning dependencies of target spm_unittests
[  0%] Building CXX object CMakeFiles/spm.dir/C_/Users/alist/OneDrive/Projects/Software/SPM/Source/Main.cpp.obj
[  0%] Building CXX object CMakeFiles/spm.dir/C_/Users/alist/OneDrive/Projects/Software/SPM/Source/Reports/Children/CStandardHeaderReport.cpp.obj
[  0%] Building CXX object CMakeFiles/spm_unoptimised.dir/C_/Users/alist/OneDrive/Projects/Software/SPM/Source/Main.cpp.obj
[  1%] Building CXX object CMakeFiles/spm_unoptimised.dir/C_/Users/alist/OneDrive/Projects/Software/SPM/Source/Reports/Children/CStandardHeaderReport.cpp.obj
[  1%] Building CXX object CMakeFiles/spm_unittests.dir/C_/Users/alist/OneDrive/Projects/Software/SPM/Source/Main.cpp.obj
[  1%] Building CXX object CMakeFiles/spm_unittests.dir/C_/Users/alist/OneDrive/Projects/Software/SPM/Source/Reports/Children/CStandardHeaderReport.cpp.obj
[  1%] Linking CXX executable spm.exe
[  2%] Linking CXX executable spm_unoptimised.exe
[ 32%] Built target spm
In file included from C:/Users/Alist/OneDrive/Projects/Software/SPM/Boost/boost_1_58_0/boost/mpl/aux_/na_assert.hpp:23,
                 from C:/Users/Alist/OneDrive/Projects/Software/SPM/Boost/boost_1_58_0/boost/mpl/arg.hpp:25,
                 from C:/Users/Alist/OneDrive/Projects/Software/SPM/Boost/boost_1_58_0/boost/mpl/placeholders.hpp:24,
                 from C:/Users/Alist/OneDrive/Projects/Software/SPM/Boost/boost_1_58_0/boost/mpl/apply.hpp:24,
                 from C:/Users/Alist/OneDrive/Projects/Software/SPM/Boost/boost_1_58_0/boost/mpl/for_each.hpp:19,
                 from C:/Users/Alist/OneDrive/Projects/Software/SPM/Boost/boost_1_58_0/boost/test/unit_test_suite_impl.hpp:29,
                 from C:/Users/Alist/OneDrive/Projects/Software/SPM/Boost/boost_1_58_0/boost/test/impl/compiler_log_formatter.ipp:20,
                 from C:/Users/Alist/OneDrive/Projects/Software/SPM/Boost/boost_1_58_0/boost/test/included/unit_test.hpp:18,
                 from C:\Users\alist\OneDrive\Projects\Software\SPM\Source\Main.cpp:20:
C:/Users/Alist/OneDrive/Projects/Software/SPM/Boost/boost_1_58_0/boost/mpl/assert.hpp:188:21: warning: unnecessary parentheses in declaration of 'assert_arg' [-Wparentheses]
 failed ************ (Pred::************
                     ^
C:/Users/Alist/OneDrive/Projects/Software/SPM/Boost/boost_1_58_0/boost/mpl/assert.hpp:193:21: warning: unnecessary parentheses in declaration of 'assert_not_arg' [-Wparentheses]
 failed ************ (boost::mpl::not_<Pred>::************
                     ^
[ 32%] Linking CXX executable spm_unittests.exe
[ 61%] Built target spm_unoptimised
[100%] Built target spm_unittests
--> Starting SystemInfo object
-- Configuring for Operating System: windows
-- G++ Path: C:\mingw64\bin\g++.exe
-- Searching path for cmd.exe
-- cmd.exe found @ C:\Windows\system32\
-- Searching path for gfortran.exe
-- gfortran.exe found @ C:\mingw64\bin\
-- Searching path for bibtex.exe
-- bibtex.exe found @ C:\Users\alist\AppData\Local\Programs\MiKTeX 2.9\miktex\bin\x64\
-- Searching path for git.exe
-- git.exe found @ C:\Program Files\Git\cmd\
-- Overriding the system path with new values
-- New Path: C:\Program Files\Git\cmd\;C:\Users\alist\AppData\Local\Programs\MiKTeX 2.9\miktex\bin\x64\;C:\mingw64\bin\;C:\Windows\system32\;C:\Users\alist\OneDrive\Projects\Software\SPM\BuildSystem\buildtools\windows\unixutils;C:\Users\alist\OneDrive\Projects\Software\SPM\BuildSystem\buildtools\windows\cmake\bin;:C:\Program Files\Git\cmd\;C:\Users\alist\AppData\Local\Programs\MiKTeX 2.9\miktex\bin\x64\;C:\mingw64\bin\;C:\Windows\system32\;C:\Users\alist\OneDrive\Projects\Software\SPM\BuildSystem\buildtools\windows\unixutils;C:\Users\alist\OneDrive\Projects\Software\SPM\BuildSystem\buildtools\windows\cmake\bin;:C:\Program Files (x86)\Intel\iCLS Client\;C:\Program Files\Intel\iCLS Client\;C:\Windows\system32;C:\Windows;C:\Windows\System32\Wbem;C:\Windows\System32\WindowsPowerShell\v1.0\;C:\Windows\System32\OpenSSH\;C:\Program Files\Crucial\Crucial Storage Executive;C:\Progra~1\Rtools\bin;C:\Program Files (x86)\CASAL;C:\Program Files\R\R-3.5.3\bin;C:\Program Files (x86)\Plantronics\Spokes3G\;C:\Windows\batch;c:\progra~1\gmt5\bin;C:\Program Files\PuTTY\;C:\Program Files\Calibre2\;C:\Program Files (x86)\Intel\Intel(R) Management Engine Components\DAL;C:\Program Files\Intel\Intel(R) Management Engine Components\DAL;C:\Program Files (x86)\Intel\Intel(R) Management Engine Components\IPT;C:\Program Files\Intel\Intel(R) Management Engine Components\IPT;C:\Program Files\Git\cmd;C:\Users\alist\AppData\Local\Programs\Python\Python38\Scripts\;C:\Users\alist\AppData\Local\Programs\Python\Python38\;C:\mingw64\bin;C:\Users\alist\AppData\Local\GitHubDesktop\bin;C:\programs\GMT4\bin;C:\Users\alist\AppData\Local\Programs\MiKTeX 2.9\miktex\bin\x64\;;C:\Users\alist\OneDrive\Projects\Software\SPM\BuildSystem\buildtools\windows\unixutils\;C:\Users\alist\OneDrive\Projects\Software\SPM\BuildSystem\buildtools\windows\unixutils\;C:\Users\alist\OneDrive\Projects\Software\SPM\BuildSystem\buildtools\windows\unixutils\
--> Searching for g++ compiler verstion in 'C:\mingw64\bin\g++.exe'
--> Full Version: 8.1.0 (x86_64-posix-seh-rev0, Built by MinGW-W64 project) \r\n"
--> gcc version: 8.1.0
-- Checking for Timezone Python module
-- Checking for datetime Python module
-- Checking for re Python module
-- Checking for distutils Python module
-- Build target: binary

-- Build target: Version
-- Build SPM/Source/Version.h with Git log information
-- Build SPM/Documention/Manual/version.tex with Git log information
-- Build SPM/Documention/Manual/SPMversion.tex with Git log information
-- Build SPM/RLibrary/version.R with Git log information
-- Version updated
*************************************************************************
*************************************************************************
--> Starting binary Build
--> Starting build of the front end code base
--> Build configuration binary
--> Operating System: windows
--> CMake Compiler: MinGW
--> Target output directory: SPM/windows/binary
--> Preparing CMake command
--> CMake command: cmake -G "MinGW Makefiles" -S ../../../
--> Build main code base
Compile finished in 68.74 seconds
--> Finished 
