
R version 3.5.3 (2019-03-11) -- "Great Truth"
Copyright (C) 2019 The R Foundation for Statistical Computing
Platform: x86_64-w64-mingw32/x64 (64-bit)

R is free software and comes with ABSOLUTELY NO WARRANTY.
You are welcome to redistribute it under certain conditions.
Type 'license()' or 'licence()' for distribution details.

  Natural language support but running in an English locale

R is a collaborative project with many contributors.
Type 'contributors()' for more information and
'citation()' on how to cite R or R packages in publications.

Type 'demo()' for some demos, 'help()' for on-line help, or
'help.start()' for an HTML browser interface to help.
Type 'q()' to quit R.

> require(roxygen2)
Loading required package: roxygen2
> roxygen2::roxygenize("spm")
Updating roxygen version in C:\Users\alist\OneDrive\Projects\Software\SPM\R-libraries\spm/DESCRIPTION
Writing NAMESPACE
Loading spm
Writing NAMESPACE
Warning message:
roxygen2 requires Encoding: UTF-8 
> roxygen2::roxygenize("spmTest")
Writing NAMESPACE
Loading spmTest
[1] 50
[1] -144.5657
[1]  8.723231 25.278477 44.599342 65.679477
[1] 5
[1] -3.178054
[1] 1.659119 1.050921
[1] 25
[1] -54.78473
[1] 110.0468
Writing NAMESPACE
Warning message:
roxygen2 requires Encoding: UTF-8 
> 

R version 3.5.3 (2019-03-11) -- "Great Truth"
Copyright (C) 2019 The R Foundation for Statistical Computing
Platform: x86_64-w64-mingw32/x64 (64-bit)

R is free software and comes with ABSOLUTELY NO WARRANTY.
You are welcome to redistribute it under certain conditions.
Type 'license()' or 'licence()' for distribution details.

  Natural language support but running in an English locale

R is a collaborative project with many contributors.
Type 'contributors()' for more information and
'citation()' on how to cite R or R packages in publications.

Type 'demo()' for some demos, 'help()' for on-line help, or
'help.start()' for an HTML browser interface to help.
Type 'q()' to quit R.

> # Get SPM Version
> source("version.R")
> VERSION<-paste(version.number," (",version.date,")",sep="")
> 
> # Build DESCRIPTION file
> filename<-"spm/DESCRIPTION"
> cat("Package: spm\nTitle: SPM extract package\nVersion: ",file=filename)
> cat(version.number,file=filename,append=TRUE)
> cat("\nDate: ",file=filename,append=TRUE)
> cat(version.date,file=filename,append=TRUE)
> cat("\n",file=filename,append=TRUE)
> cat("Author: A. Dunn\n",file=filename,append=TRUE)
> cat("Description: A set of R functions for extracting from SPM output files.\n",file=filename,append=TRUE)
> cat("Maintainer: A Dunn <Alistair.Dunn@OceanEnvironmental.co.nz>\n",file=filename,append=TRUE)
> cat("License: CPL v1.0. See the SPM User Manual for license details.\n",file=filename,append=TRUE)
> cat("URL: http://www.niwa.co.nz\n",file=filename,append=TRUE)
> cat("Copyright: National Institute of Water & Atmospheric Research (NIWA), New Zealand Ministry for Primary Industries.\n",file=filename,append=TRUE)
> 
> # Make a man page for the library
> #filename<-"spm/man/spm-package.Rd"
> #promptPackage("spm",filename=filename,final=T)
> 
> # Create R function to return version number
> filename<-"spm/R/spm.binary.version.R"
> cat("\"spm.binary.version\"<-\n",file=filename)
> cat("function() {\n",file=filename,append=T)
> cat(paste("return(\"",VERSION,"\")\n",sep=""),file=filename,append=T)
> cat("}\n",file=filename,append=T)
> 
> # Write a .html file to report version number for the Wiki
> cat(paste("Version",VERSION),file="spm.html")
> 
> # Exit
> q()
* checking for file 'spm/DESCRIPTION' ... OK
* preparing 'spm':
* checking DESCRIPTION meta-information ... OK
* checking for LF line-endings in source and make files and shell scripts
* checking for empty or unneeded directories
* building 'spm_1.1.tar.gz'

* installing to library 'C:/Users/alist/OneDrive/Documents/R/win-library/3.5'
* installing *source* package 'spm' ...
** R
** byte-compile and prepare package for lazy loading
** help
*** installing help indices
  converting help for package 'spm'
    finding HTML links ... done
    PF                                      html  
    PFconstant                              html  
    PFdoublenormal                          html  
    PFexponential                           html  
    PFinverselogistic                       html  
    PFlogistic                              html  
    PFnormal                                html  
    PFthreshold                             html  
    calc.abundance                          html  
    extract.MCMC                            html  
    extract                                 html  
    extract.ageingerror                     html  
    extract.agesize                         html  
    extract.ageweight                       html  
    extract.covariance                      html  
    extract.derivedquantity                 html  
    extract.derivedquantitybycell           html  
    extract.estimatesummary                 html  
    extract.estimatevalue                   html  
    extract.initialisationphase             html  
    extract.layer                           html  
    extract.layerderivedview                html  
    extract.objectivefunction               html  
    extract.observation                     html  
    extract.partition                       html  
    extract.partitionbiomass                html  
    extract.randomnumberseed                html  
    extract.selectivity                     html  
    extract.simulations                     html  
    extract.sizeweight                      html  
    extract.spatialmap                      html  
    generate.MVU                            html  
    spm-package                             html  
    spm.area                                html  
    spm.convert.to.lines                    html  
    spm.dplot                               html  
    spm.extract.simulated.observation       html  
    spm.get.lines                           html  
    spm.is.whole.number                     html  
    spm.isin                                html  
    spm.make.filename                       html  
    spm.make.list                           html  
    spm.make.table                          html  
    spm.pos                                 html  
    spm.pos.match                           html  
    spm.recodevector                        html  
    spm.remove.first.words                  html  
    spm.remove.last.words                   html  
    spm.report.types                        html  
    spm.string.to.vector.of.numbers         html  
    spm.string.to.vector.of.words           html  
    spm.unpaste                             html  
    spm.zeroFun                             html  
** building package indices
** testing if installed package can be loaded
*** arch - i386
*** arch - x64
* MD5 sums
packaged installation of 'spm' as spm_1.1.zip
* DONE (spm)
In R CMD INSTALL
* using log directory 'C:/Users/alist/OneDrive/Projects/Software/SPM/R-libraries/spm.Rcheck'
* using R version 3.5.3 (2019-03-11)
* using platform: x86_64-w64-mingw32 (64-bit)
* using session charset: ISO8859-1
* checking for file 'spm/DESCRIPTION' ... OK
* this is package 'spm' version '1.1'
* checking package namespace information ... OK
* checking package dependencies ... OK
* checking if this is a source package ... OK
* checking if there is a namespace ... OK
* checking for .dll and .exe files ... OK
* checking for hidden files and directories ... OK
* checking for portable file names ... OK
* checking whether package 'spm' can be installed ... OK
* checking installed package size ... OK
* checking package directory ... OK
* checking DESCRIPTION meta-information ... WARNING
Non-standard license specification:
  CPL v1.0. See the SPM User Manual for license details.
Standardizable: FALSE
Checking should be performed on sources prepared by 'R CMD build'.
* checking top-level files ... OK
* checking for left-over files ... OK
* checking index information ... OK
* checking package subdirectories ... OK
* checking R files for non-ASCII characters ... OK
* checking R files for syntax errors ... OK
* checking whether the package can be loaded ... OK
* checking whether the package can be loaded with stated dependencies ... OK
* checking whether the package can be unloaded cleanly ... OK
* checking whether the namespace can be loaded with stated dependencies ... OK
* checking whether the namespace can be unloaded cleanly ... OK
* checking loading without being on the library search path ... OK
* checking dependencies in R code ... OK
* checking S3 generic/method consistency ... OK
* checking replacement functions ... OK
* checking foreign function calls ... OK
* checking R code for possible problems ... NOTE
NB: .First.lib is obsolete and will not be used in R >= 3.0.0
File 'spm/R/First.lib.R':
  .First.lib has wrong argument list 'library, section'

Package startup functions should have two arguments with names starting
  with 'lib' and 'pkg', respectively.
See section 'Good practice' in '?.onAttach'.

calc.abundance: no visible global function definition for 'aggregate'
extract: no visible binding for '<<-' assignment to 'xxx'
generate.MVU: no visible global function definition for 'runif'
generate.MVU: no visible global function definition for 'write.table'
spm.dplot : dlines: no visible global function definition for
  'quantile'
spm.dplot : dlines: no visible global function definition for 'density'
spm.dplot : dlines: no visible global function definition for 'approx'
spm.dplot: no visible global function definition for 'plot'
spm.dplot: no visible global function definition for 'polygon'
spm.dplot: no visible global function definition for 'lines'
spm.dplot: no visible global function definition for 'segments'
spm.dplot: no visible global function definition for 'axis'
spm.get.lines: no visible global function definition for
  'spm.regexp.in'
spm.get.lines: no visible global function definition for 'spm.regexpr'
spm.pos.match: no visible global function definition for 'spm.regexpr'
Undefined global functions or variables:
  aggregate approx axis density lines plot polygon quantile runif
  segments spm.regexp.in spm.regexpr write.table
Consider adding
  importFrom("graphics", "axis", "lines", "plot", "polygon", "segments")
  importFrom("stats", "aggregate", "approx", "density", "quantile",
             "runif")
  importFrom("utils", "write.table")
to your NAMESPACE file.
* checking Rd files ... OK
* checking Rd metadata ... OK
* checking Rd cross-references ... OK
* checking for missing documentation entries ... OK
* checking for code/documentation mismatches ... OK
* checking Rd \usage sections ... WARNING
Undocumented arguments in documentation object 'PFthreshold'
  'lambda'

Undocumented arguments in documentation object 'extract.MCMC'
  'lines'

Undocumented arguments in documentation object 'extract.ageingerror'
  'lines'

Undocumented arguments in documentation object 'extract.agesize'
  'lines'

Undocumented arguments in documentation object 'extract.ageweight'
  'lines'

Undocumented arguments in documentation object 'extract.covariance'
  'lines'

Undocumented arguments in documentation object 'extract.derivedquantity'
  'lines'

Undocumented arguments in documentation object 'extract.derivedquantitybycell'
  'lines'

Undocumented arguments in documentation object 'extract.estimatesummary'
  'lines'

Undocumented arguments in documentation object 'extract.estimatevalue'
  'lines'

Undocumented arguments in documentation object 'extract.layer'
  'lines'

Undocumented arguments in documentation object 'extract.layerderivedview'
  'lines'

Undocumented arguments in documentation object 'extract.objectivefunction'
  'lines'

Undocumented arguments in documentation object 'extract.observation'
  'lines'

Undocumented arguments in documentation object 'extract.partition'
  'lines'

Undocumented arguments in documentation object 'extract.partitionbiomass'
  'lines'

Undocumented arguments in documentation object 'extract.randomnumberseed'
  'lines'

Undocumented arguments in documentation object 'extract.selectivity'
  'lines'

Undocumented arguments in documentation object 'extract.simulations'
  'file' 'path'

Undocumented arguments in documentation object 'extract.sizeweight'
  'lines'

Undocumented arguments in documentation object 'extract.spatialmap'
  'lines'

Undocumented arguments in documentation object 'spm.area'
  'corners'

Undocumented arguments in documentation object 'spm.convert.to.lines'
  'filename'

Undocumented arguments in documentation object 'spm.dplot'
  '...' 'name' 'quantiles' 'plot.mean' 'main' 'xlab' 'ylab' 'ylim'
  'srtx' 'bw' 'adjust' 'adj' 'fill' 'gap'

Undocumented arguments in documentation object 'spm.extract.simulated.observation'
  'lines'

Undocumented arguments in documentation object 'spm.get.lines'
  'lines' 'from' 'to' 'contains' 'starts.with' 'clip.to' 'clip.from'
  'clip.to.match' 'clip.from.match' '...'

Undocumented arguments in documentation object 'spm.is.whole.number'
  'string'

Undocumented arguments in documentation object 'spm.isin'
  'x' 'y'

Undocumented arguments in documentation object 'spm.make.filename'
  'file' 'path'

Undocumented arguments in documentation object 'spm.make.list'
  'lines'

Undocumented arguments in documentation object 'spm.make.table'
  'lines'

Undocumented arguments in documentation object 'spm.pos'
  'vector' 'x'

Undocumented arguments in documentation object 'spm.pos.match'
  'vector' 'regexp'

Undocumented arguments in documentation object 'spm.recodevector'
  'in.data' 'from.vals' 'to.vals'

Undocumented arguments in documentation object 'spm.remove.first.words'
  'string' 'words'

Undocumented arguments in documentation object 'spm.remove.last.words'
  'string' 'words'

Undocumented arguments in documentation object 'spm.string.to.vector.of.numbers'
  'string' 'sep'

Undocumented arguments in documentation object 'spm.string.to.vector.of.words'
  'string' 'sep'

Undocumented arguments in documentation object 'spm.unpaste'
  'string' 'sep'

Undocumented arguments in documentation object 'spm.zeroFun'
  'x' 'delta'

Functions with \usage entries need to have the appropriate \alias
entries, and all their arguments documented.
The \usage entries must correspond to syntactically valid R code.
See chapter 'Writing R documentation files' in the 'Writing R Extensions'
manual.
* checking Rd contents ... OK
* checking for unstated dependencies in examples ... OK
* checking examples ... NONE
* checking PDF version of manual ... OK
* DONE

Status: 2 WARNINGs, 1 NOTE
See
  'C:/Users/alist/OneDrive/Projects/Software/SPM/R-libraries/spm.Rcheck/00check.log'
for details.


--> Starting SystemInfo object
-- Configuring for Operating System: windows
-- G++ Path: C:\mingw64\bin\g++.exe
-- Searching path for cmd.exe
-- cmd.exe found @ C:\Windows\system32\
-- Searching path for gfortran.exe
-- gfortran.exe found @ C:\mingw64\bin\
-- Searching path for bibtex.exe
-- bibtex.exe found @ C:\Users\alist\AppData\Local\Programs\MiKTeX 2.9\miktex\bin\x64\
-- Searching path for git.exe
-- git.exe found @ C:\Program Files\Git\cmd\
-- Overriding the system path with new values
-- New Path: C:\Program Files\Git\cmd\;C:\Users\alist\AppData\Local\Programs\MiKTeX 2.9\miktex\bin\x64\;C:\mingw64\bin\;C:\Windows\system32\;C:\Users\alist\OneDrive\Projects\Software\SPM\BuildSystem\buildtools\windows\unixutils;C:\Users\alist\OneDrive\Projects\Software\SPM\BuildSystem\buildtools\windows\cmake\bin;:C:\Program Files\Git\cmd\;C:\Users\alist\AppData\Local\Programs\MiKTeX 2.9\miktex\bin\x64\;C:\mingw64\bin\;C:\Windows\system32\;C:\Users\alist\OneDrive\Projects\Software\SPM\BuildSystem\buildtools\windows\unixutils;C:\Users\alist\OneDrive\Projects\Software\SPM\BuildSystem\buildtools\windows\cmake\bin;:C:\Program Files (x86)\Intel\iCLS Client\;C:\Program Files\Intel\iCLS Client\;C:\Windows\system32;C:\Windows;C:\Windows\System32\Wbem;C:\Windows\System32\WindowsPowerShell\v1.0\;C:\Windows\System32\OpenSSH\;C:\Program Files\Crucial\Crucial Storage Executive;C:\Progra~1\Rtools\bin;C:\Program Files (x86)\CASAL;C:\Program Files\R\R-3.5.3\bin;C:\Program Files (x86)\Plantronics\Spokes3G\;C:\Windows\batch;c:\progra~1\gmt5\bin;C:\Program Files\PuTTY\;C:\Program Files\Calibre2\;C:\Program Files (x86)\Intel\Intel(R) Management Engine Components\DAL;C:\Program Files\Intel\Intel(R) Management Engine Components\DAL;C:\Program Files (x86)\Intel\Intel(R) Management Engine Components\IPT;C:\Program Files\Intel\Intel(R) Management Engine Components\IPT;C:\Program Files\Git\cmd;C:\Users\alist\AppData\Local\Programs\Python\Python38\Scripts\;C:\Users\alist\AppData\Local\Programs\Python\Python38\;C:\mingw64\bin;C:\Users\alist\AppData\Local\GitHubDesktop\bin;C:\programs\GMT4\bin;C:\Users\alist\AppData\Local\Programs\MiKTeX 2.9\miktex\bin\x64\;;C:\Users\alist\OneDrive\Projects\Software\SPM\BuildSystem\buildtools\windows\unixutils\;C:\Users\alist\OneDrive\Projects\Software\SPM\BuildSystem\buildtools\windows\unixutils\;C:\Users\alist\OneDrive\Projects\Software\SPM\BuildSystem\buildtools\windows\unixutils\
--> Searching for g++ compiler verstion in 'C:\mingw64\bin\g++.exe'
--> Full Version: 8.1.0 (x86_64-posix-seh-rev0, Built by MinGW-W64 project) \r\n"
--> gcc version: 8.1.0
-- Checking for Timezone Python module
-- Checking for datetime Python module
-- Checking for re Python module
-- Checking for distutils Python module
-- Build target: rlibrary

-- Build target: Version
-- Build SPM/Source/Version.h with Git log information
-- Build SPM/Documention/Manual/version.tex with Git log information
-- Build SPM/Documention/Manual/SPMversion.tex with Git log information
-- Build SPM/RLibrary/version.R with Git log information
-- Version updated
*************************************************************************
*************************************************************************
--> Starting rlibrary Build
find windows R
-- Searching path for R.exe
-- R.exe found @ C:\Program Files\R\R-3.5.3\bin\
R path = C:\Program Files\R\R-3.5.3\bin\
--> Finished 
