* using log directory 'C:/Projects/Software/SPM/R-libraries/spm.Rcheck'
* using R version 3.5.3 (2019-03-11)
* using platform: x86_64-w64-mingw32 (64-bit)
* using session charset: ISO8859-1
* checking for file 'spm/DESCRIPTION' ... OK
* this is package 'spm' version '1.1'
* checking package namespace information ... OK
* checking package dependencies ... OK
* checking if this is a source package ... OK
* checking if there is a namespace ... OK
* checking for .dll and .exe files ... OK
* checking for hidden files and directories ... OK
* checking for portable file names ... OK
* checking whether package 'spm' can be installed ... OK
* checking installed package size ... OK
* checking package directory ... OK
* checking DESCRIPTION meta-information ... WARNING
Non-standard license specification:
  CPL v1.0. See the SPM User Manual for license details.
Standardizable: FALSE
Checking should be performed on sources prepared by 'R CMD build'.
* checking top-level files ... OK
* checking for left-over files ... OK
* checking index information ... OK
* checking package subdirectories ... OK
* checking R files for non-ASCII characters ... OK
* checking R files for syntax errors ... OK
* checking whether the package can be loaded ... OK
* checking whether the package can be loaded with stated dependencies ... OK
* checking whether the package can be unloaded cleanly ... OK
* checking whether the namespace can be loaded with stated dependencies ... OK
* checking whether the namespace can be unloaded cleanly ... OK
* checking loading without being on the library search path ... OK
* checking dependencies in R code ... OK
* checking S3 generic/method consistency ... OK
* checking replacement functions ... OK
* checking foreign function calls ... OK
* checking R code for possible problems ... NOTE
NB: .First.lib is obsolete and will not be used in R >= 3.0.0
File 'spm/R/First.lib.R':
  .First.lib has wrong argument list 'library, section'

Package startup functions should have two arguments with names starting
  with 'lib' and 'pkg', respectively.
See section 'Good practice' in '?.onAttach'.

calc.abundance: no visible global function definition for 'aggregate'
extract: no visible binding for '<<-' assignment to 'xxx'
generate.MVU: no visible global function definition for 'runif'
generate.MVU: no visible global function definition for 'write.table'
spm.dplot : dlines: no visible global function definition for
  'quantile'
spm.dplot : dlines: no visible global function definition for 'density'
spm.dplot : dlines: no visible global function definition for 'approx'
spm.dplot: no visible global function definition for 'plot'
spm.dplot: no visible global function definition for 'polygon'
spm.dplot: no visible global function definition for 'lines'
spm.dplot: no visible global function definition for 'segments'
spm.dplot: no visible global function definition for 'axis'
spm.get.lines: no visible global function definition for
  'spm.regexp.in'
spm.get.lines: no visible global function definition for 'spm.regexpr'
spm.pos.match: no visible global function definition for 'spm.regexpr'
Undefined global functions or variables:
  aggregate approx axis density lines plot polygon quantile runif
  segments spm.regexp.in spm.regexpr write.table
Consider adding
  importFrom("graphics", "axis", "lines", "plot", "polygon", "segments")
  importFrom("stats", "aggregate", "approx", "density", "quantile",
             "runif")
  importFrom("utils", "write.table")
to your NAMESPACE file.
* checking Rd files ... OK
* checking Rd metadata ... OK
* checking Rd cross-references ... OK
* checking for missing documentation entries ... OK
* checking for code/documentation mismatches ... OK
* checking Rd \usage sections ... WARNING
Undocumented arguments in documentation object 'PFthreshold'
  'lambda'

Undocumented arguments in documentation object 'extract.MCMC'
  'lines'

Undocumented arguments in documentation object 'extract.ageingerror'
  'lines'

Undocumented arguments in documentation object 'extract.agesize'
  'lines'

Undocumented arguments in documentation object 'extract.ageweight'
  'lines'

Undocumented arguments in documentation object 'extract.covariance'
  'lines'

Undocumented arguments in documentation object 'extract.derivedquantity'
  'lines'

Undocumented arguments in documentation object 'extract.derivedquantitybycell'
  'lines'

Undocumented arguments in documentation object 'extract.estimatesummary'
  'lines'

Undocumented arguments in documentation object 'extract.estimatevalue'
  'lines'

Undocumented arguments in documentation object 'extract.layer'
  'lines'

Undocumented arguments in documentation object 'extract.layerderivedview'
  'lines'

Undocumented arguments in documentation object 'extract.objectivefunction'
  'lines'

Undocumented arguments in documentation object 'extract.observation'
  'lines'

Undocumented arguments in documentation object 'extract.partition'
  'lines'

Undocumented arguments in documentation object 'extract.partitionbiomass'
  'lines'

Undocumented arguments in documentation object 'extract.randomnumberseed'
  'lines'

Undocumented arguments in documentation object 'extract.selectivity'
  'lines'

Undocumented arguments in documentation object 'extract.simulations'
  'file' 'path'

Undocumented arguments in documentation object 'extract.sizeweight'
  'lines'

Undocumented arguments in documentation object 'extract.spatialmap'
  'lines'

Undocumented arguments in documentation object 'spm.area'
  'corners'

Undocumented arguments in documentation object 'spm.convert.to.lines'
  'filename'

Undocumented arguments in documentation object 'spm.dplot'
  '...' 'name' 'quantiles' 'plot.mean' 'main' 'xlab' 'ylab' 'ylim'
  'srtx' 'bw' 'adjust' 'adj' 'fill' 'gap'

Undocumented arguments in documentation object 'spm.extract.simulated.observation'
  'lines'

Undocumented arguments in documentation object 'spm.get.lines'
  'lines' 'from' 'to' 'contains' 'starts.with' 'clip.to' 'clip.from'
  'clip.to.match' 'clip.from.match' '...'

Undocumented arguments in documentation object 'spm.is.whole.number'
  'string'

Undocumented arguments in documentation object 'spm.isin'
  'x' 'y'

Undocumented arguments in documentation object 'spm.make.filename'
  'file' 'path'

Undocumented arguments in documentation object 'spm.make.list'
  'lines'

Undocumented arguments in documentation object 'spm.make.table'
  'lines'

Undocumented arguments in documentation object 'spm.pos'
  'vector' 'x'

Undocumented arguments in documentation object 'spm.pos.match'
  'vector' 'regexp'

Undocumented arguments in documentation object 'spm.recodevector'
  'in.data' 'from.vals' 'to.vals'

Undocumented arguments in documentation object 'spm.remove.first.words'
  'string' 'words'

Undocumented arguments in documentation object 'spm.remove.last.words'
  'string' 'words'

Undocumented arguments in documentation object 'spm.string.to.vector.of.numbers'
  'string' 'sep'

Undocumented arguments in documentation object 'spm.string.to.vector.of.words'
  'string' 'sep'

Undocumented arguments in documentation object 'spm.unpaste'
  'string' 'sep'

Undocumented arguments in documentation object 'spm.zeroFun'
  'x' 'delta'

Functions with \usage entries need to have the appropriate \alias
entries, and all their arguments documented.
The \usage entries must correspond to syntactically valid R code.
See chapter 'Writing R documentation files' in the 'Writing R Extensions'
manual.
* checking Rd contents ... OK
* checking for unstated dependencies in examples ... OK
* checking examples ... NONE
* checking PDF version of manual ... OK
* DONE
Status: 2 WARNINGs, 1 NOTE
